<?xml version="1.0" encoding="UTF-8"?><testsuite name="nosetests" tests="1" errors="1" failures="0" skip="0"><testcase classname="test_integration.test_integration_handler" name="test_only_correct_num_of_images_get_downloaded" time="7.854"><error type="builtins.TypeError" message="a bytes-like object is required, not 'str'&#10;-------------------- &gt;&gt; begin captured stdout &lt;&lt; ---------------------&#10;cloud_images&#10;downloading: http://pbs.twimg.com/media/DwJ6vY_VAAIexyj.jpg&#10;{'ResponseMetadata': {'RequestId': '42d6669e-176a-11e9-8d9f-633ab33b8bc4', 'HTTPStatusCode': 202, 'HTTPHeaders': {'date': 'Sun, 13 Jan 2019 19:34:36 GMT', 'content-length': '0', 'connection': 'keep-alive', 'x-amzn-requestid': '42d6669e-176a-11e9-8d9f-633ab33b8bc4', 'x-amzn-remapped-content-length': '0', 'x-amzn-trace-id': 'root=1-5c3b92cc-39cfce3280c0a644c1665d6e;sampled=0'}, 'RetryAttempts': 0}, 'StatusCode': 202, 'Payload': &lt;botocore.response.StreamingBody object at 0x10f3f22e8&gt;}&#10;downloading: http://pbs.twimg.com/media/DwJ6vmKVAAAcjG3.jpg&#10;{'ResponseMetadata': {'RequestId': '42ed9748-176a-11e9-b02a-85afa13b33a3', 'HTTPStatusCode': 202, 'HTTPHeaders': {'date': 'Sun, 13 Jan 2019 19:34:36 GMT', 'content-length': '0', 'connection': 'keep-alive', 'x-amzn-requestid': '42ed9748-176a-11e9-b02a-85afa13b33a3', 'x-amzn-remapped-content-length': '0', 'x-amzn-trace-id': 'root=1-5c3b92cc-a28e9a0e436811ea91384382;sampled=0'}, 'RetryAttempts': 0}, 'StatusCode': 202, 'Payload': &lt;botocore.response.StreamingBody object at 0x10f3f23c8&gt;}&#10;downloading: http://pbs.twimg.com/media/DwJ6vxHUUAARYrH.jpg&#10;{'ResponseMetadata': {'RequestId': '4306eb96-176a-11e9-b1d5-cf955c4a3ccb', 'HTTPStatusCode': 202, 'HTTPHeaders': {'date': 'Sun, 13 Jan 2019 19:34:37 GMT', 'content-length': '0', 'connection': 'keep-alive', 'x-amzn-requestid': '4306eb96-176a-11e9-b1d5-cf955c4a3ccb', 'x-amzn-remapped-content-length': '0', 'x-amzn-trace-id': 'root=1-5c3b92cd-b00e1b8099be1e00a8d37480;sampled=0'}, 'RetryAttempts': 0}, 'StatusCode': 202, 'Payload': &lt;botocore.response.StreamingBody object at 0x10f3f2470&gt;}&#10;&#10;--------------------- &gt;&gt; end captured stdout &lt;&lt; ----------------------&#10;-------------------- &gt;&gt; begin captured logging &lt;&lt; --------------------&#10;botocore.hooks: DEBUG: Changing event name from creating-client-class.iot-data to creating-client-class.iot-data-plane&#10;botocore.hooks: DEBUG: Changing event name from before-call.apigateway to before-call.api-gateway&#10;botocore.hooks: DEBUG: Changing event name from request-created.machinelearning.Predict to request-created.machine-learning.Predict&#10;botocore.hooks: DEBUG: Changing event name from before-parameter-build.autoscaling.CreateLaunchConfiguration to before-parameter-build.auto-scaling.CreateLaunchConfiguration&#10;botocore.hooks: DEBUG: Changing event name from before-parameter-build.route53 to before-parameter-build.route-53&#10;botocore.hooks: DEBUG: Changing event name from request-created.cloudsearchdomain.Search to request-created.cloudsearch-domain.Search&#10;botocore.hooks: DEBUG: Changing event name from docs.*.autoscaling.CreateLaunchConfiguration.complete-section to docs.*.auto-scaling.CreateLaunchConfiguration.complete-section&#10;botocore.hooks: DEBUG: Changing event name from before-parameter-build.logs.CreateExportTask to before-parameter-build.cloudwatch-logs.CreateExportTask&#10;botocore.hooks: DEBUG: Changing event name from docs.*.logs.CreateExportTask.complete-section to docs.*.cloudwatch-logs.CreateExportTask.complete-section&#10;botocore.hooks: DEBUG: Changing event name from before-parameter-build.cloudsearchdomain.Search to before-parameter-build.cloudsearch-domain.Search&#10;botocore.hooks: DEBUG: Changing event name from docs.*.cloudsearchdomain.Search.complete-section to docs.*.cloudsearch-domain.Search.complete-section&#10;botocore.credentials: DEBUG: Looking for credentials via: env&#10;botocore.credentials: DEBUG: Looking for credentials via: assume-role&#10;botocore.credentials: DEBUG: Looking for credentials via: shared-credentials-file&#10;botocore.credentials: INFO: Found credentials in shared credentials file: ~/.aws/credentials&#10;botocore.loaders: DEBUG: Loading JSON file: /Users/russellboley/Downloads/Git/aws-py-read-twitter-feed-for-new-tweets/env/lib/python3.6/site-packages/botocore/data/endpoints.json&#10;botocore.hooks: DEBUG: Event choose-service-name: calling handler &lt;function handle_service_name_alias at 0x10e686d08&gt;&#10;botocore.loaders: DEBUG: Loading JSON file: /Users/russellboley/Downloads/Git/aws-py-read-twitter-feed-for-new-tweets/env/lib/python3.6/site-packages/botocore/data/lambda/2015-03-31/service-2.json&#10;botocore.hooks: DEBUG: Event creating-client-class.lambda: calling handler &lt;function add_generate_presigned_url at 0x10e643840&gt;&#10;botocore.args: DEBUG: The s3 config key is not a dictionary type, ignoring its value of: None&#10;botocore.endpoint: DEBUG: Setting lambda timeout as (60, 60)&#10;botocore.loaders: DEBUG: Loading JSON file: /Users/russellboley/Downloads/Git/aws-py-read-twitter-feed-for-new-tweets/env/lib/python3.6/site-packages/botocore/data/_retry.json&#10;botocore.client: DEBUG: Registering retry handlers for service: lambda&#10;botocore.hooks: DEBUG: Event choose-service-name: calling handler &lt;function handle_service_name_alias at 0x10e686d08&gt;&#10;botocore.loaders: DEBUG: Loading JSON file: /Users/russellboley/Downloads/Git/aws-py-read-twitter-feed-for-new-tweets/env/lib/python3.6/site-packages/botocore/data/s3/2006-03-01/service-2.json&#10;botocore.hooks: DEBUG: Event creating-client-class.s3: calling handler &lt;function add_generate_presigned_post at 0x10e643a60&gt;&#10;botocore.hooks: DEBUG: Event creating-client-class.s3: calling handler &lt;function lazy_call.&lt;locals&gt;._handler at 0x10e70fa60&gt;&#10;botocore.hooks: DEBUG: Event creating-client-class.s3: calling handler &lt;function add_generate_presigned_url at 0x10e643840&gt;&#10;botocore.args: DEBUG: The s3 config key is not a dictionary type, ignoring its value of: None&#10;botocore.endpoint: DEBUG: Setting s3 timeout as (60, 60)&#10;botocore.client: DEBUG: Registering retry handlers for service: s3&#10;botocore.client: DEBUG: Defaulting to S3 virtual host style addressing with path style addressing fallback.&#10;botocore.hooks: DEBUG: Event before-parameter-build.s3.ListObjectsV2: calling handler &lt;function set_list_objects_encoding_type_url at 0x10e6a4730&gt;&#10;botocore.hooks: DEBUG: Event before-parameter-build.s3.ListObjectsV2: calling handler &lt;function validate_bucket_name at 0x10e6a3488&gt;&#10;botocore.hooks: DEBUG: Event before-parameter-build.s3.ListObjectsV2: calling handler &lt;bound method S3RegionRedirector.redirect_from_cache of &lt;botocore.utils.S3RegionRedirector object at 0x10f3df7b8&gt;&gt;&#10;botocore.hooks: DEBUG: Event before-parameter-build.s3.ListObjectsV2: calling handler &lt;function generate_idempotent_uuid at 0x10e6a30d0&gt;&#10;botocore.hooks: DEBUG: Event before-call.s3.ListObjectsV2: calling handler &lt;function add_expect_header at 0x10e6a3950&gt;&#10;botocore.hooks: DEBUG: Event before-call.s3.ListObjectsV2: calling handler &lt;bound method S3RegionRedirector.set_request_url of &lt;botocore.utils.S3RegionRedirector object at 0x10f3df7b8&gt;&gt;&#10;botocore.hooks: DEBUG: Event before-call.s3.ListObjectsV2: calling handler &lt;function inject_api_version_header_if_needed at 0x10e6a4e18&gt;&#10;botocore.endpoint: DEBUG: Making request for OperationModel(name=ListObjectsV2) with params: {'url_path': '/dark-cloud-bucket?list-type=2', 'query_string': {'prefix': '__testing/', 'encoding-type': 'url'}, 'method': 'GET', 'headers': {'User-Agent': 'Boto3/1.9.74 Python/3.6.5 Darwin/18.2.0 Botocore/1.12.77'}, 'body': b'', 'url': 'https://s3.us-west-2.amazonaws.com/dark-cloud-bucket?list-type=2&amp;prefix=__testing%2F&amp;encoding-type=url', 'context': {'client_region': 'us-west-2', 'client_config': &lt;botocore.config.Config object at 0x10f369eb8&gt;, 'has_streaming_input': False, 'auth_type': None, 'encoding_type_auto_set': True, 'signing': {'bucket': 'dark-cloud-bucket'}}}&#10;botocore.hooks: DEBUG: Event request-created.s3.ListObjectsV2: calling handler &lt;bound method RequestSigner.handler of &lt;botocore.signers.RequestSigner object at 0x10f369b70&gt;&gt;&#10;botocore.hooks: DEBUG: Event choose-signer.s3.ListObjectsV2: calling handler &lt;bound method ClientCreator._default_s3_presign_to_sigv2 of &lt;botocore.client.ClientCreator object at 0x10f13f9b0&gt;&gt;&#10;botocore.hooks: DEBUG: Event choose-signer.s3.ListObjectsV2: calling handler &lt;function set_operation_specific_signer at 0x10e69ff28&gt;&#10;botocore.hooks: DEBUG: Event before-sign.s3.ListObjectsV2: calling handler &lt;function fix_s3_host at 0x10e52e400&gt;&#10;botocore.utils: DEBUG: Checking for DNS compatible bucket for: https://s3.us-west-2.amazonaws.com/dark-cloud-bucket?list-type=2&amp;prefix=__testing%2F&amp;encoding-type=url&#10;botocore.utils: DEBUG: URI updated to: https://dark-cloud-bucket.s3.us-west-2.amazonaws.com/?list-type=2&amp;prefix=__testing%2F&amp;encoding-type=url&#10;botocore.auth: DEBUG: Calculating signature using v4 auth.&#10;botocore.auth: DEBUG: CanonicalRequest:&#10;GET&#10;/&#10;encoding-type=url&amp;list-type=2&amp;prefix=__testing%2F&#10;host:dark-cloud-bucket.s3.us-west-2.amazonaws.com&#10;x-amz-content-sha256:e3b0c44298fc1c149afbf4c8996fb92427ae41e4649b934ca495991b7852b855&#10;x-amz-date:20190113T193357Z&#10;&#10;host;x-amz-content-sha256;x-amz-date&#10;e3b0c44298fc1c149afbf4c8996fb92427ae41e4649b934ca495991b7852b855&#10;botocore.auth: DEBUG: StringToSign:&#10;AWS4-HMAC-SHA256&#10;20190113T193357Z&#10;20190113/us-west-2/s3/aws4_request&#10;b4dc7e8f286eddd62b514c39e56a43d53ef4e7f67a45a204b72ea5c96b857b60&#10;botocore.auth: DEBUG: Signature:&#10;55c8425ef32217ea8463bceaedd427724355f13dbed0f998848819edcb5dbe13&#10;botocore.endpoint: DEBUG: Sending http request: &lt;AWSPreparedRequest stream_output=False, method=GET, url=https://dark-cloud-bucket.s3.us-west-2.amazonaws.com/?list-type=2&amp;prefix=__testing%2F&amp;encoding-type=url, headers={'User-Agent': b'Boto3/1.9.74 Python/3.6.5 Darwin/18.2.0 Botocore/1.12.77', 'X-Amz-Date': b'20190113T193357Z', 'X-Amz-Content-SHA256': b'e3b0c44298fc1c149afbf4c8996fb92427ae41e4649b934ca495991b7852b855', 'Authorization': b'AWS4-HMAC-SHA256 Credential=AKIAJI2YOXUROAPCNJKA/20190113/us-west-2/s3/aws4_request, SignedHeaders=host;x-amz-content-sha256;x-amz-date, Signature=55c8425ef32217ea8463bceaedd427724355f13dbed0f998848819edcb5dbe13'}&gt;&#10;urllib3.util.retry: DEBUG: Converted retries value: False -&gt; Retry(total=False, connect=None, read=None, redirect=0, status=None)&#10;urllib3.connectionpool: DEBUG: Starting new HTTPS connection (1): dark-cloud-bucket.s3.us-west-2.amazonaws.com:443&#10;urllib3.connectionpool: DEBUG: https://dark-cloud-bucket.s3.us-west-2.amazonaws.com:443 &quot;GET /?list-type=2&amp;prefix=__testing%2F&amp;encoding-type=url HTTP/1.1&quot; 200 None&#10;botocore.parsers: DEBUG: Response headers: {'x-amz-id-2': 'vLJFCp39LaPv0xDZRM2BQpL/81QmaQdocR0WHeeZjg4oe1VCRIj0IyLKRFibQ67wx8ayMw75fFs=', 'x-amz-request-id': 'CB93825D708FBEBE', 'Date': 'Sun, 13 Jan 2019 19:34:31 GMT', 'x-amz-bucket-region': 'us-west-2', 'Content-Type': 'application/xml', 'Transfer-Encoding': 'chunked', 'Server': 'AmazonS3'}&#10;botocore.parsers: DEBUG: Response body:&#10;b'&lt;?xml version=&quot;1.0&quot; encoding=&quot;UTF-8&quot;?&gt;\n&lt;ListBucketResult xmlns=&quot;http://s3.amazonaws.com/doc/2006-03-01/&quot;&gt;&lt;Name&gt;dark-cloud-bucket&lt;/Name&gt;&lt;Prefix&gt;__testing/&lt;/Prefix&gt;&lt;KeyCount&gt;0&lt;/KeyCount&gt;&lt;MaxKeys&gt;1000&lt;/MaxKeys&gt;&lt;EncodingType&gt;url&lt;/EncodingType&gt;&lt;IsTruncated&gt;false&lt;/IsTruncated&gt;&lt;/ListBucketResult&gt;'&#10;botocore.hooks: DEBUG: Event needs-retry.s3.ListObjectsV2: calling handler &lt;botocore.retryhandler.RetryHandler object at 0x10f3df898&gt;&#10;botocore.retryhandler: DEBUG: No retry needed.&#10;botocore.hooks: DEBUG: Event needs-retry.s3.ListObjectsV2: calling handler &lt;bound method S3RegionRedirector.redirect_from_error of &lt;botocore.utils.S3RegionRedirector object at 0x10f3df7b8&gt;&gt;&#10;botocore.hooks: DEBUG: Event after-call.s3.ListObjectsV2: calling handler &lt;function decode_list_object_v2 at 0x10e6a4840&gt;&#10;tweepy.binder: DEBUG: PARAMS: {'screen_name': b'cloud_images', 'include_rts': b'False', 'exclude_replies': b'False', 'tweet_mode': b'extended'}&#10;requests_oauthlib.oauth1_auth: DEBUG: Signing request &lt;PreparedRequest [GET]&gt; using client &lt;Client client_key=wJ6pAqTGZIQTCPo1OCPnGi2KY, client_secret=****, resource_owner_key=1079135823197425664-ok0oRxB2NKXEJDfR9PYnRMFdm3U3xX, resource_owner_secret=****, signature_method=HMAC-SHA1, signature_type=AUTH_HEADER, callback_uri=None, rsa_key=None, verifier=None, realm=None, encoding=utf-8, decoding=None, nonce=None, timestamp=None&gt;&#10;requests_oauthlib.oauth1_auth: DEBUG: Including body in call to sign: False&#10;oauthlib.oauth1.rfc5849: DEBUG: Collected params: [('screen_name', 'cloud_images'), ('include_rts', 'False'), ('exclude_replies', 'False'), ('tweet_mode', 'extended'), ('oauth_nonce', '137712434448506252901547408037'), ('oauth_timestamp', '1547408037'), ('oauth_version', '1.0'), ('oauth_signature_method', 'HMAC-SHA1'), ('oauth_consumer_key', 'wJ6pAqTGZIQTCPo1OCPnGi2KY'), ('oauth_token', '1079135823197425664-ok0oRxB2NKXEJDfR9PYnRMFdm3U3xX')]&#10;oauthlib.oauth1.rfc5849: DEBUG: Normalized params: exclude_replies=False&amp;include_rts=False&amp;oauth_consumer_key=wJ6pAqTGZIQTCPo1OCPnGi2KY&amp;oauth_nonce=137712434448506252901547408037&amp;oauth_signature_method=HMAC-SHA1&amp;oauth_timestamp=1547408037&amp;oauth_token=1079135823197425664-ok0oRxB2NKXEJDfR9PYnRMFdm3U3xX&amp;oauth_version=1.0&amp;screen_name=cloud_images&amp;tweet_mode=extended&#10;oauthlib.oauth1.rfc5849: DEBUG: Normalized URI: https://api.twitter.com/1.1/statuses/user_timeline.json&#10;oauthlib.oauth1.rfc5849: DEBUG: Signing: signature base string: GET&amp;https%3A%2F%2Fapi.twitter.com%2F1.1%2Fstatuses%2Fuser_timeline.json&amp;exclude_replies%3DFalse%26include_rts%3DFalse%26oauth_consumer_key%3DwJ6pAqTGZIQTCPo1OCPnGi2KY%26oauth_nonce%3D137712434448506252901547408037%26oauth_signature_method%3DHMAC-SHA1%26oauth_timestamp%3D1547408037%26oauth_token%3D1079135823197425664-ok0oRxB2NKXEJDfR9PYnRMFdm3U3xX%26oauth_version%3D1.0%26screen_name%3Dcloud_images%26tweet_mode%3Dextended&#10;oauthlib.oauth1.rfc5849: DEBUG: Signature: kUwFaAUPry/D8+qmCYIEWIdKm6g=&#10;requests_oauthlib.oauth1_auth: DEBUG: Updated url: https://api.twitter.com/1.1/statuses/user_timeline.json?screen_name=cloud_images&amp;include_rts=False&amp;exclude_replies=False&amp;tweet_mode=extended&#10;requests_oauthlib.oauth1_auth: DEBUG: Updated headers: {'Host': 'api.twitter.com', 'Authorization': 'OAuth oauth_nonce=&quot;137712434448506252901547408037&quot;, oauth_timestamp=&quot;1547408037&quot;, oauth_version=&quot;1.0&quot;, oauth_signature_method=&quot;HMAC-SHA1&quot;, oauth_consumer_key=&quot;wJ6pAqTGZIQTCPo1OCPnGi2KY&quot;, oauth_token=&quot;1079135823197425664-ok0oRxB2NKXEJDfR9PYnRMFdm3U3xX&quot;, oauth_signature=&quot;kUwFaAUPry%2FD8%2BqmCYIEWIdKm6g%3D&quot;'}&#10;requests_oauthlib.oauth1_auth: DEBUG: Updated body: None&#10;urllib3.connectionpool: DEBUG: Starting new HTTPS connection (1): api.twitter.com:443&#10;urllib3.connectionpool: DEBUG: https://api.twitter.com:443 &quot;GET /1.1/statuses/user_timeline.json?screen_name=cloud_images&amp;include_rts=False&amp;exclude_replies=False&amp;tweet_mode=extended HTTP/1.1&quot; 200 16481&#10;tweepy.binder: DEBUG: PARAMS: {'create': b'True'}&#10;tweepy.binder: DEBUG: PARAMS: {'max_id': b'1079137037855289343', 'screen_name': b'cloud_images', 'include_rts': b'False', 'exclude_replies': b'False', 'tweet_mode': b'extended'}&#10;requests_oauthlib.oauth1_auth: DEBUG: Signing request &lt;PreparedRequest [GET]&gt; using client &lt;Client client_key=wJ6pAqTGZIQTCPo1OCPnGi2KY, client_secret=****, resource_owner_key=1079135823197425664-ok0oRxB2NKXEJDfR9PYnRMFdm3U3xX, resource_owner_secret=****, signature_method=HMAC-SHA1, signature_type=AUTH_HEADER, callback_uri=None, rsa_key=None, verifier=None, realm=None, encoding=utf-8, decoding=None, nonce=None, timestamp=None&gt;&#10;requests_oauthlib.oauth1_auth: DEBUG: Including body in call to sign: False&#10;oauthlib.oauth1.rfc5849: DEBUG: Collected params: [('max_id', '1079137037855289343'), ('screen_name', 'cloud_images'), ('include_rts', 'False'), ('exclude_replies', 'False'), ('tweet_mode', 'extended'), ('oauth_nonce', '17270089284266601911547408037'), ('oauth_timestamp', '1547408037'), ('oauth_version', '1.0'), ('oauth_signature_method', 'HMAC-SHA1'), ('oauth_consumer_key', 'wJ6pAqTGZIQTCPo1OCPnGi2KY'), ('oauth_token', '1079135823197425664-ok0oRxB2NKXEJDfR9PYnRMFdm3U3xX')]&#10;oauthlib.oauth1.rfc5849: DEBUG: Normalized params: exclude_replies=False&amp;include_rts=False&amp;max_id=1079137037855289343&amp;oauth_consumer_key=wJ6pAqTGZIQTCPo1OCPnGi2KY&amp;oauth_nonce=17270089284266601911547408037&amp;oauth_signature_method=HMAC-SHA1&amp;oauth_timestamp=1547408037&amp;oauth_token=1079135823197425664-ok0oRxB2NKXEJDfR9PYnRMFdm3U3xX&amp;oauth_version=1.0&amp;screen_name=cloud_images&amp;tweet_mode=extended&#10;oauthlib.oauth1.rfc5849: DEBUG: Normalized URI: https://api.twitter.com/1.1/statuses/user_timeline.json&#10;oauthlib.oauth1.rfc5849: DEBUG: Signing: signature base string: GET&amp;https%3A%2F%2Fapi.twitter.com%2F1.1%2Fstatuses%2Fuser_timeline.json&amp;exclude_replies%3DFalse%26include_rts%3DFalse%26max_id%3D1079137037855289343%26oauth_consumer_key%3DwJ6pAqTGZIQTCPo1OCPnGi2KY%26oauth_nonce%3D17270089284266601911547408037%26oauth_signature_method%3DHMAC-SHA1%26oauth_timestamp%3D1547408037%26oauth_token%3D1079135823197425664-ok0oRxB2NKXEJDfR9PYnRMFdm3U3xX%26oauth_version%3D1.0%26screen_name%3Dcloud_images%26tweet_mode%3Dextended&#10;oauthlib.oauth1.rfc5849: DEBUG: Signature: agGdHCR39KzM5VKViPA7SMw30pk=&#10;requests_oauthlib.oauth1_auth: DEBUG: Updated url: https://api.twitter.com/1.1/statuses/user_timeline.json?max_id=1079137037855289343&amp;screen_name=cloud_images&amp;include_rts=False&amp;exclude_replies=False&amp;tweet_mode=extended&#10;requests_oauthlib.oauth1_auth: DEBUG: Updated headers: {'Host': 'api.twitter.com', 'Cookie': 'guest_id=v1%3A154740807020329665; personalization_id=&quot;v1_paDZ2pqdOsV5I1P5nHQEEw==&quot;; lang=en', 'Authorization': 'OAuth oauth_nonce=&quot;17270089284266601911547408037&quot;, oauth_timestamp=&quot;1547408037&quot;, oauth_version=&quot;1.0&quot;, oauth_signature_method=&quot;HMAC-SHA1&quot;, oauth_consumer_key=&quot;wJ6pAqTGZIQTCPo1OCPnGi2KY&quot;, oauth_token=&quot;1079135823197425664-ok0oRxB2NKXEJDfR9PYnRMFdm3U3xX&quot;, oauth_signature=&quot;agGdHCR39KzM5VKViPA7SMw30pk%3D&quot;'}&#10;requests_oauthlib.oauth1_auth: DEBUG: Updated body: None&#10;urllib3.connectionpool: DEBUG: https://api.twitter.com:443 &quot;GET /1.1/statuses/user_timeline.json?max_id=1079137037855289343&amp;screen_name=cloud_images&amp;include_rts=False&amp;exclude_replies=False&amp;tweet_mode=extended HTTP/1.1&quot; 200 2&#10;tweepy.binder: DEBUG: PARAMS: {'create': b'True'}&#10;botocore.hooks: DEBUG: Event before-parameter-build.lambda.Invoke: calling handler &lt;function generate_idempotent_uuid at 0x10e6a30d0&gt;&#10;botocore.hooks: DEBUG: Event before-call.lambda.Invoke: calling handler &lt;function inject_api_version_header_if_needed at 0x10e6a4e18&gt;&#10;botocore.endpoint: DEBUG: Making request for OperationModel(name=Invoke) with params: {'url_path': '/2015-03-31/functions/fetch-file-and-store-in-s3-dark-cloud-dev-save/invocations', 'query_string': {}, 'method': 'POST', 'headers': {'X-Amz-Invocation-Type': 'Event', 'User-Agent': 'Boto3/1.9.74 Python/3.6.5 Darwin/18.2.0 Botocore/1.12.77'}, 'body': b'{&quot;image_url&quot;: &quot;http://pbs.twimg.com/media/DwJ6vY_VAAIexyj.jpg&quot;, &quot;key&quot;: &quot;__testing/DwJ6vY_VAAIexyj.jpg&quot;, &quot;bucket&quot;: &quot;dark-cloud-bucket&quot;}', 'url': 'https://lambda.us-west-2.amazonaws.com/2015-03-31/functions/fetch-file-and-store-in-s3-dark-cloud-dev-save/invocations', 'context': {'client_region': 'us-west-2', 'client_config': &lt;botocore.config.Config object at 0x10f103780&gt;, 'has_streaming_input': True, 'auth_type': None}}&#10;botocore.hooks: DEBUG: Event request-created.lambda.Invoke: calling handler &lt;bound method RequestSigner.handler of &lt;botocore.signers.RequestSigner object at 0x10f1036a0&gt;&gt;&#10;botocore.hooks: DEBUG: Event choose-signer.lambda.Invoke: calling handler &lt;function set_operation_specific_signer at 0x10e69ff28&gt;&#10;botocore.auth: DEBUG: Calculating signature using v4 auth.&#10;botocore.auth: DEBUG: CanonicalRequest:&#10;POST&#10;/2015-03-31/functions/fetch-file-and-store-in-s3-dark-cloud-dev-save/invocations&#10;&#10;host:lambda.us-west-2.amazonaws.com&#10;x-amz-date:20190113T193403Z&#10;x-amz-invocation-type:Event&#10;&#10;host;x-amz-date;x-amz-invocation-type&#10;f47599fa7cfacab5eaa6bb843d8f64ba9749ee891f343a67d202b19fb7d21bf5&#10;botocore.auth: DEBUG: StringToSign:&#10;AWS4-HMAC-SHA256&#10;20190113T193403Z&#10;20190113/us-west-2/lambda/aws4_request&#10;fdc741c67e5b98c5e3fcc75a427e696b6307aca2b56cf1dcda9bb84f9ce54826&#10;botocore.auth: DEBUG: Signature:&#10;cf2ab7784db6e1d20e0137075dbfca73f42615b394f8eb378f8f3b859b71ceba&#10;botocore.endpoint: DEBUG: Sending http request: &lt;AWSPreparedRequest stream_output=True, method=POST, url=https://lambda.us-west-2.amazonaws.com/2015-03-31/functions/fetch-file-and-store-in-s3-dark-cloud-dev-save/invocations, headers={'X-Amz-Invocation-Type': b'Event', 'User-Agent': b'Boto3/1.9.74 Python/3.6.5 Darwin/18.2.0 Botocore/1.12.77', 'X-Amz-Date': b'20190113T193403Z', 'Authorization': b'AWS4-HMAC-SHA256 Credential=AKIAJI2YOXUROAPCNJKA/20190113/us-west-2/lambda/aws4_request, SignedHeaders=host;x-amz-date;x-amz-invocation-type, Signature=cf2ab7784db6e1d20e0137075dbfca73f42615b394f8eb378f8f3b859b71ceba', 'Content-Length': '134'}&gt;&#10;urllib3.util.retry: DEBUG: Converted retries value: False -&gt; Retry(total=False, connect=None, read=None, redirect=0, status=None)&#10;urllib3.connectionpool: DEBUG: Starting new HTTPS connection (1): lambda.us-west-2.amazonaws.com:443&#10;urllib3.connectionpool: DEBUG: https://lambda.us-west-2.amazonaws.com:443 &quot;POST /2015-03-31/functions/fetch-file-and-store-in-s3-dark-cloud-dev-save/invocations HTTP/1.1&quot; 202 0&#10;botocore.parsers: DEBUG: Response headers: {'Date': 'Sun, 13 Jan 2019 19:34:36 GMT', 'Content-Length': '0', 'Connection': 'keep-alive', 'x-amzn-RequestId': '42d6669e-176a-11e9-8d9f-633ab33b8bc4', 'x-amzn-Remapped-Content-Length': '0', 'X-Amzn-Trace-Id': 'root=1-5c3b92cc-39cfce3280c0a644c1665d6e;sampled=0'}&#10;botocore.parsers: DEBUG: Response body:&#10;&lt;botocore.response.StreamingBody object at 0x10f3f22e8&gt;&#10;botocore.hooks: DEBUG: Event needs-retry.lambda.Invoke: calling handler &lt;botocore.retryhandler.RetryHandler object at 0x10f103ba8&gt;&#10;botocore.retryhandler: DEBUG: No retry needed.&#10;botocore.hooks: DEBUG: Event before-parameter-build.lambda.Invoke: calling handler &lt;function generate_idempotent_uuid at 0x10e6a30d0&gt;&#10;botocore.hooks: DEBUG: Event before-call.lambda.Invoke: calling handler &lt;function inject_api_version_header_if_needed at 0x10e6a4e18&gt;&#10;botocore.endpoint: DEBUG: Making request for OperationModel(name=Invoke) with params: {'url_path': '/2015-03-31/functions/fetch-file-and-store-in-s3-dark-cloud-dev-save/invocations', 'query_string': {}, 'method': 'POST', 'headers': {'X-Amz-Invocation-Type': 'Event', 'User-Agent': 'Boto3/1.9.74 Python/3.6.5 Darwin/18.2.0 Botocore/1.12.77'}, 'body': b'{&quot;image_url&quot;: &quot;http://pbs.twimg.com/media/DwJ6vmKVAAAcjG3.jpg&quot;, &quot;key&quot;: &quot;__testing/DwJ6vmKVAAAcjG3.jpg&quot;, &quot;bucket&quot;: &quot;dark-cloud-bucket&quot;}', 'url': 'https://lambda.us-west-2.amazonaws.com/2015-03-31/functions/fetch-file-and-store-in-s3-dark-cloud-dev-save/invocations', 'context': {'client_region': 'us-west-2', 'client_config': &lt;botocore.config.Config object at 0x10f103780&gt;, 'has_streaming_input': True, 'auth_type': None}}&#10;botocore.hooks: DEBUG: Event request-created.lambda.Invoke: calling handler &lt;bound method RequestSigner.handler of &lt;botocore.signers.RequestSigner object at 0x10f1036a0&gt;&gt;&#10;botocore.hooks: DEBUG: Event choose-signer.lambda.Invoke: calling handler &lt;function set_operation_specific_signer at 0x10e69ff28&gt;&#10;botocore.auth: DEBUG: Calculating signature using v4 auth.&#10;botocore.auth: DEBUG: CanonicalRequest:&#10;POST&#10;/2015-03-31/functions/fetch-file-and-store-in-s3-dark-cloud-dev-save/invocations&#10;&#10;host:lambda.us-west-2.amazonaws.com&#10;x-amz-date:20190113T193403Z&#10;x-amz-invocation-type:Event&#10;&#10;host;x-amz-date;x-amz-invocation-type&#10;f11eae61ce8b2bd0fb91bf65440c6085346e2cc1101fc2b8ea4f90d4f4bcda6d&#10;botocore.auth: DEBUG: StringToSign:&#10;AWS4-HMAC-SHA256&#10;20190113T193403Z&#10;20190113/us-west-2/lambda/aws4_request&#10;c5cc7309ed2f63529c326b9a08bda9b31b5e2b79f5b3848fb264ead762f4dcb9&#10;botocore.auth: DEBUG: Signature:&#10;d3fd5571024f47baec5d30f648169576677a86932dca6e23197047aa246cd01e&#10;botocore.endpoint: DEBUG: Sending http request: &lt;AWSPreparedRequest stream_output=True, method=POST, url=https://lambda.us-west-2.amazonaws.com/2015-03-31/functions/fetch-file-and-store-in-s3-dark-cloud-dev-save/invocations, headers={'X-Amz-Invocation-Type': b'Event', 'User-Agent': b'Boto3/1.9.74 Python/3.6.5 Darwin/18.2.0 Botocore/1.12.77', 'X-Amz-Date': b'20190113T193403Z', 'Authorization': b'AWS4-HMAC-SHA256 Credential=AKIAJI2YOXUROAPCNJKA/20190113/us-west-2/lambda/aws4_request, SignedHeaders=host;x-amz-date;x-amz-invocation-type, Signature=d3fd5571024f47baec5d30f648169576677a86932dca6e23197047aa246cd01e', 'Content-Length': '134'}&gt;&#10;urllib3.util.retry: DEBUG: Converted retries value: False -&gt; Retry(total=False, connect=None, read=None, redirect=0, status=None)&#10;urllib3.connectionpool: DEBUG: Starting new HTTPS connection (2): lambda.us-west-2.amazonaws.com:443&#10;urllib3.connectionpool: DEBUG: https://lambda.us-west-2.amazonaws.com:443 &quot;POST /2015-03-31/functions/fetch-file-and-store-in-s3-dark-cloud-dev-save/invocations HTTP/1.1&quot; 202 0&#10;botocore.parsers: DEBUG: Response headers: {'Date': 'Sun, 13 Jan 2019 19:34:36 GMT', 'Content-Length': '0', 'Connection': 'keep-alive', 'x-amzn-RequestId': '42ed9748-176a-11e9-b02a-85afa13b33a3', 'x-amzn-Remapped-Content-Length': '0', 'X-Amzn-Trace-Id': 'root=1-5c3b92cc-a28e9a0e436811ea91384382;sampled=0'}&#10;botocore.parsers: DEBUG: Response body:&#10;&lt;botocore.response.StreamingBody object at 0x10f3f23c8&gt;&#10;botocore.hooks: DEBUG: Event needs-retry.lambda.Invoke: calling handler &lt;botocore.retryhandler.RetryHandler object at 0x10f103ba8&gt;&#10;botocore.retryhandler: DEBUG: No retry needed.&#10;botocore.hooks: DEBUG: Event before-parameter-build.lambda.Invoke: calling handler &lt;function generate_idempotent_uuid at 0x10e6a30d0&gt;&#10;botocore.hooks: DEBUG: Event before-call.lambda.Invoke: calling handler &lt;function inject_api_version_header_if_needed at 0x10e6a4e18&gt;&#10;botocore.endpoint: DEBUG: Making request for OperationModel(name=Invoke) with params: {'url_path': '/2015-03-31/functions/fetch-file-and-store-in-s3-dark-cloud-dev-save/invocations', 'query_string': {}, 'method': 'POST', 'headers': {'X-Amz-Invocation-Type': 'Event', 'User-Agent': 'Boto3/1.9.74 Python/3.6.5 Darwin/18.2.0 Botocore/1.12.77'}, 'body': b'{&quot;image_url&quot;: &quot;http://pbs.twimg.com/media/DwJ6vxHUUAARYrH.jpg&quot;, &quot;key&quot;: &quot;__testing/DwJ6vxHUUAARYrH.jpg&quot;, &quot;bucket&quot;: &quot;dark-cloud-bucket&quot;}', 'url': 'https://lambda.us-west-2.amazonaws.com/2015-03-31/functions/fetch-file-and-store-in-s3-dark-cloud-dev-save/invocations', 'context': {'client_region': 'us-west-2', 'client_config': &lt;botocore.config.Config object at 0x10f103780&gt;, 'has_streaming_input': True, 'auth_type': None}}&#10;botocore.hooks: DEBUG: Event request-created.lambda.Invoke: calling handler &lt;bound method RequestSigner.handler of &lt;botocore.signers.RequestSigner object at 0x10f1036a0&gt;&gt;&#10;botocore.hooks: DEBUG: Event choose-signer.lambda.Invoke: calling handler &lt;function set_operation_specific_signer at 0x10e69ff28&gt;&#10;botocore.auth: DEBUG: Calculating signature using v4 auth.&#10;botocore.auth: DEBUG: CanonicalRequest:&#10;POST&#10;/2015-03-31/functions/fetch-file-and-store-in-s3-dark-cloud-dev-save/invocations&#10;&#10;host:lambda.us-west-2.amazonaws.com&#10;x-amz-date:20190113T193404Z&#10;x-amz-invocation-type:Event&#10;&#10;host;x-amz-date;x-amz-invocation-type&#10;3484ecc1f5c7182b5560a427f976a8f4881776574627cb41d641ce768e6e75d4&#10;botocore.auth: DEBUG: StringToSign:&#10;AWS4-HMAC-SHA256&#10;20190113T193404Z&#10;20190113/us-west-2/lambda/aws4_request&#10;e9653c54b3eac68418696736dd51765f7026c042b7d327093995862c97906174&#10;botocore.auth: DEBUG: Signature:&#10;5064750cc9be92188561eb9d936511842273cf0aac7e97ce0001e9753016bf95&#10;botocore.endpoint: DEBUG: Sending http request: &lt;AWSPreparedRequest stream_output=True, method=POST, url=https://lambda.us-west-2.amazonaws.com/2015-03-31/functions/fetch-file-and-store-in-s3-dark-cloud-dev-save/invocations, headers={'X-Amz-Invocation-Type': b'Event', 'User-Agent': b'Boto3/1.9.74 Python/3.6.5 Darwin/18.2.0 Botocore/1.12.77', 'X-Amz-Date': b'20190113T193404Z', 'Authorization': b'AWS4-HMAC-SHA256 Credential=AKIAJI2YOXUROAPCNJKA/20190113/us-west-2/lambda/aws4_request, SignedHeaders=host;x-amz-date;x-amz-invocation-type, Signature=5064750cc9be92188561eb9d936511842273cf0aac7e97ce0001e9753016bf95', 'Content-Length': '134'}&gt;&#10;urllib3.util.retry: DEBUG: Converted retries value: False -&gt; Retry(total=False, connect=None, read=None, redirect=0, status=None)&#10;urllib3.connectionpool: DEBUG: Starting new HTTPS connection (3): lambda.us-west-2.amazonaws.com:443&#10;urllib3.connectionpool: DEBUG: https://lambda.us-west-2.amazonaws.com:443 &quot;POST /2015-03-31/functions/fetch-file-and-store-in-s3-dark-cloud-dev-save/invocations HTTP/1.1&quot; 202 0&#10;botocore.parsers: DEBUG: Response headers: {'Date': 'Sun, 13 Jan 2019 19:34:37 GMT', 'Content-Length': '0', 'Connection': 'keep-alive', 'x-amzn-RequestId': '4306eb96-176a-11e9-b1d5-cf955c4a3ccb', 'x-amzn-Remapped-Content-Length': '0', 'X-Amzn-Trace-Id': 'root=1-5c3b92cd-b00e1b8099be1e00a8d37480;sampled=0'}&#10;botocore.parsers: DEBUG: Response body:&#10;&lt;botocore.response.StreamingBody object at 0x10f3f2470&gt;&#10;botocore.hooks: DEBUG: Event needs-retry.lambda.Invoke: calling handler &lt;botocore.retryhandler.RetryHandler object at 0x10f103ba8&gt;&#10;botocore.retryhandler: DEBUG: No retry needed.&#10;botocore.hooks: DEBUG: Event choose-service-name: calling handler &lt;function handle_service_name_alias at 0x10e686d08&gt;&#10;botocore.hooks: DEBUG: Event creating-client-class.s3: calling handler &lt;function add_generate_presigned_post at 0x10e643a60&gt;&#10;botocore.hooks: DEBUG: Event creating-client-class.s3: calling handler &lt;function lazy_call.&lt;locals&gt;._handler at 0x10e70fa60&gt;&#10;botocore.hooks: DEBUG: Event creating-client-class.s3: calling handler &lt;function add_generate_presigned_url at 0x10e643840&gt;&#10;botocore.args: DEBUG: The s3 config key is not a dictionary type, ignoring its value of: None&#10;botocore.endpoint: DEBUG: Setting s3 timeout as (60, 60)&#10;botocore.client: DEBUG: Registering retry handlers for service: s3&#10;botocore.client: DEBUG: Defaulting to S3 virtual host style addressing with path style addressing fallback.&#10;botocore.hooks: DEBUG: Event before-parameter-build.s3.ListObjectsV2: calling handler &lt;function set_list_objects_encoding_type_url at 0x10e6a4730&gt;&#10;botocore.hooks: DEBUG: Event before-parameter-build.s3.ListObjectsV2: calling handler &lt;function validate_bucket_name at 0x10e6a3488&gt;&#10;botocore.hooks: DEBUG: Event before-parameter-build.s3.ListObjectsV2: calling handler &lt;bound method S3RegionRedirector.redirect_from_cache of &lt;botocore.utils.S3RegionRedirector object at 0x10f411748&gt;&gt;&#10;botocore.hooks: DEBUG: Event before-parameter-build.s3.ListObjectsV2: calling handler &lt;function generate_idempotent_uuid at 0x10e6a30d0&gt;&#10;botocore.hooks: DEBUG: Event before-call.s3.ListObjectsV2: calling handler &lt;function add_expect_header at 0x10e6a3950&gt;&#10;botocore.hooks: DEBUG: Event before-call.s3.ListObjectsV2: calling handler &lt;bound method S3RegionRedirector.set_request_url of &lt;botocore.utils.S3RegionRedirector object at 0x10f411748&gt;&gt;&#10;botocore.hooks: DEBUG: Event before-call.s3.ListObjectsV2: calling handler &lt;function inject_api_version_header_if_needed at 0x10e6a4e18&gt;&#10;botocore.endpoint: DEBUG: Making request for OperationModel(name=ListObjectsV2) with params: {'url_path': '/dark-cloud-bucket?list-type=2', 'query_string': {'prefix': '__testing/', 'encoding-type': 'url'}, 'method': 'GET', 'headers': {'User-Agent': 'Boto3/1.9.74 Python/3.6.5 Darwin/18.2.0 Botocore/1.12.77'}, 'body': b'', 'url': 'https://s3.us-west-2.amazonaws.com/dark-cloud-bucket?list-type=2&amp;prefix=__testing%2F&amp;encoding-type=url', 'context': {'client_region': 'us-west-2', 'client_config': &lt;botocore.config.Config object at 0x10f411a58&gt;, 'has_streaming_input': False, 'auth_type': None, 'encoding_type_auto_set': True, 'signing': {'bucket': 'dark-cloud-bucket'}}}&#10;botocore.hooks: DEBUG: Event request-created.s3.ListObjectsV2: calling handler &lt;bound method RequestSigner.handler of &lt;botocore.signers.RequestSigner object at 0x10f4116d8&gt;&gt;&#10;botocore.hooks: DEBUG: Event choose-signer.s3.ListObjectsV2: calling handler &lt;bound method ClientCreator._default_s3_presign_to_sigv2 of &lt;botocore.client.ClientCreator object at 0x10f13f2e8&gt;&gt;&#10;botocore.hooks: DEBUG: Event choose-signer.s3.ListObjectsV2: calling handler &lt;function set_operation_specific_signer at 0x10e69ff28&gt;&#10;botocore.hooks: DEBUG: Event before-sign.s3.ListObjectsV2: calling handler &lt;function fix_s3_host at 0x10e52e400&gt;&#10;botocore.utils: DEBUG: Checking for DNS compatible bucket for: https://s3.us-west-2.amazonaws.com/dark-cloud-bucket?list-type=2&amp;prefix=__testing%2F&amp;encoding-type=url&#10;botocore.utils: DEBUG: URI updated to: https://dark-cloud-bucket.s3.us-west-2.amazonaws.com/?list-type=2&amp;prefix=__testing%2F&amp;encoding-type=url&#10;botocore.auth: DEBUG: Calculating signature using v4 auth.&#10;botocore.auth: DEBUG: CanonicalRequest:&#10;GET&#10;/&#10;encoding-type=url&amp;list-type=2&amp;prefix=__testing%2F&#10;host:dark-cloud-bucket.s3.us-west-2.amazonaws.com&#10;x-amz-content-sha256:e3b0c44298fc1c149afbf4c8996fb92427ae41e4649b934ca495991b7852b855&#10;x-amz-date:20190113T193404Z&#10;&#10;host;x-amz-content-sha256;x-amz-date&#10;e3b0c44298fc1c149afbf4c8996fb92427ae41e4649b934ca495991b7852b855&#10;botocore.auth: DEBUG: StringToSign:&#10;AWS4-HMAC-SHA256&#10;20190113T193404Z&#10;20190113/us-west-2/s3/aws4_request&#10;e0833726dc6f6bc67ba86b0594594bbc4444cc5e026de9d99d0bf74f1d29ebc3&#10;botocore.auth: DEBUG: Signature:&#10;c53e51873359dfa4d81d4fe43feb1395ab3163473c07d61d143bb7f4ed4d4245&#10;botocore.endpoint: DEBUG: Sending http request: &lt;AWSPreparedRequest stream_output=False, method=GET, url=https://dark-cloud-bucket.s3.us-west-2.amazonaws.com/?list-type=2&amp;prefix=__testing%2F&amp;encoding-type=url, headers={'User-Agent': b'Boto3/1.9.74 Python/3.6.5 Darwin/18.2.0 Botocore/1.12.77', 'X-Amz-Date': b'20190113T193404Z', 'X-Amz-Content-SHA256': b'e3b0c44298fc1c149afbf4c8996fb92427ae41e4649b934ca495991b7852b855', 'Authorization': b'AWS4-HMAC-SHA256 Credential=AKIAJI2YOXUROAPCNJKA/20190113/us-west-2/s3/aws4_request, SignedHeaders=host;x-amz-content-sha256;x-amz-date, Signature=c53e51873359dfa4d81d4fe43feb1395ab3163473c07d61d143bb7f4ed4d4245'}&gt;&#10;urllib3.util.retry: DEBUG: Converted retries value: False -&gt; Retry(total=False, connect=None, read=None, redirect=0, status=None)&#10;urllib3.connectionpool: DEBUG: Starting new HTTPS connection (1): dark-cloud-bucket.s3.us-west-2.amazonaws.com:443&#10;urllib3.connectionpool: DEBUG: https://dark-cloud-bucket.s3.us-west-2.amazonaws.com:443 &quot;GET /?list-type=2&amp;prefix=__testing%2F&amp;encoding-type=url HTTP/1.1&quot; 200 None&#10;botocore.parsers: DEBUG: Response headers: {'x-amz-id-2': 'C2hM6aDwbp/vmbQRR9X0Lv4qt2GUBQ5OzT8SN+uEUW3dEfKaK1APoP4apeMGa/vg1TLd8nvLDW4=', 'x-amz-request-id': '34CDDA14B8287BD4', 'Date': 'Sun, 13 Jan 2019 19:34:38 GMT', 'x-amz-bucket-region': 'us-west-2', 'Content-Type': 'application/xml', 'Transfer-Encoding': 'chunked', 'Server': 'AmazonS3'}&#10;botocore.parsers: DEBUG: Response body:&#10;b'&lt;?xml version=&quot;1.0&quot; encoding=&quot;UTF-8&quot;?&gt;\n&lt;ListBucketResult xmlns=&quot;http://s3.amazonaws.com/doc/2006-03-01/&quot;&gt;&lt;Name&gt;dark-cloud-bucket&lt;/Name&gt;&lt;Prefix&gt;__testing/&lt;/Prefix&gt;&lt;KeyCount&gt;2&lt;/KeyCount&gt;&lt;MaxKeys&gt;1000&lt;/MaxKeys&gt;&lt;EncodingType&gt;url&lt;/EncodingType&gt;&lt;IsTruncated&gt;false&lt;/IsTruncated&gt;&lt;Contents&gt;&lt;Key&gt;__testing/DwJ6vY_VAAIexyj.jpg&lt;/Key&gt;&lt;LastModified&gt;2019-01-13T19:34:37.000Z&lt;/LastModified&gt;&lt;ETag&gt;&amp;quot;74d276a6cb7b0128e9bba98c3d03f2b0&amp;quot;&lt;/ETag&gt;&lt;Size&gt;109313&lt;/Size&gt;&lt;StorageClass&gt;STANDARD&lt;/StorageClass&gt;&lt;/Contents&gt;&lt;Contents&gt;&lt;Key&gt;__testing/DwJ6vxHUUAARYrH.jpg&lt;/Key&gt;&lt;LastModified&gt;2019-01-13T19:34:38.000Z&lt;/LastModified&gt;&lt;ETag&gt;&amp;quot;38cfe5a19192394a9da6a6211f1e8cc6&amp;quot;&lt;/ETag&gt;&lt;Size&gt;91042&lt;/Size&gt;&lt;StorageClass&gt;STANDARD&lt;/StorageClass&gt;&lt;/Contents&gt;&lt;/ListBucketResult&gt;'&#10;botocore.hooks: DEBUG: Event needs-retry.s3.ListObjectsV2: calling handler &lt;botocore.retryhandler.RetryHandler object at 0x10f411e10&gt;&#10;botocore.retryhandler: DEBUG: No retry needed.&#10;botocore.hooks: DEBUG: Event needs-retry.s3.ListObjectsV2: calling handler &lt;bound method S3RegionRedirector.redirect_from_error of &lt;botocore.utils.S3RegionRedirector object at 0x10f411748&gt;&gt;&#10;botocore.hooks: DEBUG: Event after-call.s3.ListObjectsV2: calling handler &lt;function decode_list_object_v2 at 0x10e6a4840&gt;&#10;botocore.loaders: DEBUG: Loading JSON file: /Users/russellboley/Downloads/Git/aws-py-read-twitter-feed-for-new-tweets/env/lib/python3.6/site-packages/boto3/data/s3/2006-03-01/resources-1.json&#10;botocore.hooks: DEBUG: Event choose-service-name: calling handler &lt;function handle_service_name_alias at 0x10e686d08&gt;&#10;botocore.hooks: DEBUG: Event creating-client-class.s3: calling handler &lt;function add_generate_presigned_post at 0x10e643a60&gt;&#10;botocore.hooks: DEBUG: Event creating-client-class.s3: calling handler &lt;function lazy_call.&lt;locals&gt;._handler at 0x10e70fa60&gt;&#10;botocore.hooks: DEBUG: Event creating-client-class.s3: calling handler &lt;function add_generate_presigned_url at 0x10e643840&gt;&#10;botocore.args: DEBUG: The s3 config key is not a dictionary type, ignoring its value of: None&#10;botocore.endpoint: DEBUG: Setting s3 timeout as (60, 60)&#10;botocore.client: DEBUG: Registering retry handlers for service: s3&#10;botocore.client: DEBUG: Defaulting to S3 virtual host style addressing with path style addressing fallback.&#10;boto3.resources.factory: DEBUG: Loading s3:s3&#10;boto3.resources.factory: DEBUG: Loading s3:Bucket&#10;boto3.resources.model: DEBUG: Renaming Bucket attribute name&#10;botocore.hooks: DEBUG: Event creating-resource-class.s3.Bucket: calling handler &lt;function lazy_call.&lt;locals&gt;._handler at 0x10e7460d0&gt;&#10;botocore.loaders: DEBUG: Loading JSON file: /Users/russellboley/Downloads/Git/aws-py-read-twitter-feed-for-new-tweets/env/lib/python3.6/site-packages/botocore/data/s3/2006-03-01/paginators-1.json&#10;boto3.resources.collection: DEBUG: Calling paginated s3:list_objects with {'Bucket': 'dark-cloud-bucket'}&#10;botocore.hooks: DEBUG: Event before-parameter-build.s3.ListObjects: calling handler &lt;function set_list_objects_encoding_type_url at 0x10e6a4730&gt;&#10;botocore.hooks: DEBUG: Event before-parameter-build.s3.ListObjects: calling handler &lt;function validate_bucket_name at 0x10e6a3488&gt;&#10;botocore.hooks: DEBUG: Event before-parameter-build.s3.ListObjects: calling handler &lt;bound method S3RegionRedirector.redirect_from_cache of &lt;botocore.utils.S3RegionRedirector object at 0x10f49e518&gt;&gt;&#10;botocore.hooks: DEBUG: Event before-parameter-build.s3.ListObjects: calling handler &lt;function generate_idempotent_uuid at 0x10e6a30d0&gt;&#10;botocore.hooks: DEBUG: Event before-call.s3.ListObjects: calling handler &lt;function add_expect_header at 0x10e6a3950&gt;&#10;botocore.hooks: DEBUG: Event before-call.s3.ListObjects: calling handler &lt;bound method S3RegionRedirector.set_request_url of &lt;botocore.utils.S3RegionRedirector object at 0x10f49e518&gt;&gt;&#10;botocore.hooks: DEBUG: Event before-call.s3.ListObjects: calling handler &lt;function inject_api_version_header_if_needed at 0x10e6a4e18&gt;&#10;botocore.endpoint: DEBUG: Making request for OperationModel(name=ListObjects) with params: {'url_path': '/dark-cloud-bucket', 'query_string': {'encoding-type': 'url'}, 'method': 'GET', 'headers': {'User-Agent': 'Boto3/1.9.74 Python/3.6.5 Darwin/18.2.0 Botocore/1.12.77 Resource'}, 'body': b'', 'url': 'https://s3.us-west-2.amazonaws.com/dark-cloud-bucket?encoding-type=url', 'context': {'client_region': 'us-west-2', 'client_config': &lt;botocore.config.Config object at 0x10f4ac390&gt;, 'has_streaming_input': False, 'auth_type': None, 'encoding_type_auto_set': True, 'signing': {'bucket': 'dark-cloud-bucket'}}}&#10;botocore.hooks: DEBUG: Event request-created.s3.ListObjects: calling handler &lt;bound method RequestSigner.handler of &lt;botocore.signers.RequestSigner object at 0x10f4ac160&gt;&gt;&#10;botocore.hooks: DEBUG: Event choose-signer.s3.ListObjects: calling handler &lt;bound method ClientCreator._default_s3_presign_to_sigv2 of &lt;botocore.client.ClientCreator object at 0x10f411dd8&gt;&gt;&#10;botocore.hooks: DEBUG: Event choose-signer.s3.ListObjects: calling handler &lt;function set_operation_specific_signer at 0x10e69ff28&gt;&#10;botocore.hooks: DEBUG: Event before-sign.s3.ListObjects: calling handler &lt;function fix_s3_host at 0x10e52e400&gt;&#10;botocore.utils: DEBUG: Checking for DNS compatible bucket for: https://s3.us-west-2.amazonaws.com/dark-cloud-bucket?encoding-type=url&#10;botocore.utils: DEBUG: URI updated to: https://dark-cloud-bucket.s3.us-west-2.amazonaws.com/?encoding-type=url&#10;botocore.auth: DEBUG: Calculating signature using v4 auth.&#10;botocore.auth: DEBUG: CanonicalRequest:&#10;GET&#10;/&#10;encoding-type=url&#10;host:dark-cloud-bucket.s3.us-west-2.amazonaws.com&#10;x-amz-content-sha256:e3b0c44298fc1c149afbf4c8996fb92427ae41e4649b934ca495991b7852b855&#10;x-amz-date:20190113T193404Z&#10;&#10;host;x-amz-content-sha256;x-amz-date&#10;e3b0c44298fc1c149afbf4c8996fb92427ae41e4649b934ca495991b7852b855&#10;botocore.auth: DEBUG: StringToSign:&#10;AWS4-HMAC-SHA256&#10;20190113T193404Z&#10;20190113/us-west-2/s3/aws4_request&#10;f5e6abba9e743ccd575d0b166e2e04820ef2f0223db4666b9f461714570134b5&#10;botocore.auth: DEBUG: Signature:&#10;7d884c8090711108748eeffe9e8d5dc79679d271e262ff51fbcec1f240d565ba&#10;botocore.endpoint: DEBUG: Sending http request: &lt;AWSPreparedRequest stream_output=False, method=GET, url=https://dark-cloud-bucket.s3.us-west-2.amazonaws.com/?encoding-type=url, headers={'User-Agent': b'Boto3/1.9.74 Python/3.6.5 Darwin/18.2.0 Botocore/1.12.77 Resource', 'X-Amz-Date': b'20190113T193404Z', 'X-Amz-Content-SHA256': b'e3b0c44298fc1c149afbf4c8996fb92427ae41e4649b934ca495991b7852b855', 'Authorization': b'AWS4-HMAC-SHA256 Credential=AKIAJI2YOXUROAPCNJKA/20190113/us-west-2/s3/aws4_request, SignedHeaders=host;x-amz-content-sha256;x-amz-date, Signature=7d884c8090711108748eeffe9e8d5dc79679d271e262ff51fbcec1f240d565ba'}&gt;&#10;urllib3.util.retry: DEBUG: Converted retries value: False -&gt; Retry(total=False, connect=None, read=None, redirect=0, status=None)&#10;urllib3.connectionpool: DEBUG: Starting new HTTPS connection (1): dark-cloud-bucket.s3.us-west-2.amazonaws.com:443&#10;urllib3.connectionpool: DEBUG: https://dark-cloud-bucket.s3.us-west-2.amazonaws.com:443 &quot;GET /?encoding-type=url HTTP/1.1&quot; 200 None&#10;botocore.parsers: DEBUG: Response headers: {'x-amz-id-2': 'H+b+kvSgvZtfgtRntaLMAfctnHQlmeBfiKbwewGNIoY7tVTccHklP7rFOqHKM5RbeeSUlbmi05g=', 'x-amz-request-id': 'D3C35C3784BFE4AE', 'Date': 'Sun, 13 Jan 2019 19:34:38 GMT', 'x-amz-bucket-region': 'us-west-2', 'Content-Type': 'application/xml', 'Transfer-Encoding': 'chunked', 'Server': 'AmazonS3'}&#10;botocore.parsers: DEBUG: Response body:&#10;b'&lt;?xml version=&quot;1.0&quot; encoding=&quot;UTF-8&quot;?&gt;\n&lt;ListBucketResult xmlns=&quot;http://s3.amazonaws.com/doc/2006-03-01/&quot;&gt;&lt;Name&gt;dark-cloud-bucket&lt;/Name&gt;&lt;Prefix&gt;&lt;/Prefix&gt;&lt;Marker&gt;&lt;/Marker&gt;&lt;MaxKeys&gt;1000&lt;/MaxKeys&gt;&lt;EncodingType&gt;url&lt;/EncodingType&gt;&lt;IsTruncated&gt;false&lt;/IsTruncated&gt;&lt;Contents&gt;&lt;Key&gt;__testing/DwJ6vY_VAAIexyj.jpg&lt;/Key&gt;&lt;LastModified&gt;2019-01-13T19:34:37.000Z&lt;/LastModified&gt;&lt;ETag&gt;&amp;quot;74d276a6cb7b0128e9bba98c3d03f2b0&amp;quot;&lt;/ETag&gt;&lt;Size&gt;109313&lt;/Size&gt;&lt;Owner&gt;&lt;ID&gt;cb320a9b866e872a7d2754c61161c6476642d8a50b4ff27a1879c7212f20febe&lt;/ID&gt;&lt;DisplayName&gt;countrypeaches&lt;/DisplayName&gt;&lt;/Owner&gt;&lt;StorageClass&gt;STANDARD&lt;/StorageClass&gt;&lt;/Contents&gt;&lt;Contents&gt;&lt;Key&gt;__testing/DwJ6vxHUUAARYrH.jpg&lt;/Key&gt;&lt;LastModified&gt;2019-01-13T19:34:38.000Z&lt;/LastModified&gt;&lt;ETag&gt;&amp;quot;38cfe5a19192394a9da6a6211f1e8cc6&amp;quot;&lt;/ETag&gt;&lt;Size&gt;91042&lt;/Size&gt;&lt;Owner&gt;&lt;ID&gt;cb320a9b866e872a7d2754c61161c6476642d8a50b4ff27a1879c7212f20febe&lt;/ID&gt;&lt;DisplayName&gt;countrypeaches&lt;/DisplayName&gt;&lt;/Owner&gt;&lt;StorageClass&gt;STANDARD&lt;/StorageClass&gt;&lt;/Contents&gt;&lt;Contents&gt;&lt;Key&gt;archive/DwJ6vY_VAAIexyj.jpg&lt;/Key&gt;&lt;LastModified&gt;2019-01-13T19:25:54.000Z&lt;/LastModified&gt;&lt;ETag&gt;&amp;quot;74d276a6cb7b0128e9bba98c3d03f2b0&amp;quot;&lt;/ETag&gt;&lt;Size&gt;109313&lt;/Size&gt;&lt;Owner&gt;&lt;ID&gt;cb320a9b866e872a7d2754c61161c6476642d8a50b4ff27a1879c7212f20febe&lt;/ID&gt;&lt;DisplayName&gt;countrypeaches&lt;/DisplayName&gt;&lt;/Owner&gt;&lt;StorageClass&gt;STANDARD&lt;/StorageClass&gt;&lt;/Contents&gt;&lt;Contents&gt;&lt;Key&gt;archive/DwJ6vmKVAAAcjG3.jpg&lt;/Key&gt;&lt;LastModified&gt;2019-01-13T19:25:55.000Z&lt;/LastModified&gt;&lt;ETag&gt;&amp;quot;1b11eebd1af677abafcf98684f19ba84&amp;quot;&lt;/ETag&gt;&lt;Size&gt;99168&lt;/Size&gt;&lt;Owner&gt;&lt;ID&gt;cb320a9b866e872a7d2754c61161c6476642d8a50b4ff27a1879c7212f20febe&lt;/ID&gt;&lt;DisplayName&gt;countrypeaches&lt;/DisplayName&gt;&lt;/Owner&gt;&lt;StorageClass&gt;STANDARD&lt;/StorageClass&gt;&lt;/Contents&gt;&lt;Contents&gt;&lt;Key&gt;archive/DwJ6vxHUUAARYrH.jpg&lt;/Key&gt;&lt;LastModified&gt;2019-01-13T19:25:55.000Z&lt;/LastModified&gt;&lt;ETag&gt;&amp;quot;38cfe5a19192394a9da6a6211f1e8cc6&amp;quot;&lt;/ETag&gt;&lt;Size&gt;91042&lt;/Size&gt;&lt;Owner&gt;&lt;ID&gt;cb320a9b866e872a7d2754c61161c6476642d8a50b4ff27a1879c7212f20febe&lt;/ID&gt;&lt;DisplayName&gt;countrypeaches&lt;/DisplayName&gt;&lt;/Owner&gt;&lt;StorageClass&gt;STANDARD&lt;/StorageClass&gt;&lt;/Contents&gt;&lt;/ListBucketResult&gt;'&#10;botocore.hooks: DEBUG: Event needs-retry.s3.ListObjects: calling handler &lt;botocore.retryhandler.RetryHandler object at 0x10f49e470&gt;&#10;botocore.retryhandler: DEBUG: No retry needed.&#10;botocore.hooks: DEBUG: Event needs-retry.s3.ListObjects: calling handler &lt;bound method S3RegionRedirector.redirect_from_error of &lt;botocore.utils.S3RegionRedirector object at 0x10f49e518&gt;&gt;&#10;botocore.hooks: DEBUG: Event after-call.s3.ListObjects: calling handler &lt;function decode_list_object at 0x10e6a47b8&gt;&#10;boto3.resources.factory: DEBUG: Loading s3:ObjectSummary&#10;boto3.resources.model: DEBUG: Renaming ObjectSummary attribute key&#10;botocore.hooks: DEBUG: Event creating-resource-class.s3.ObjectSummary: calling handler &lt;function lazy_call.&lt;locals&gt;._handler at 0x10e7461e0&gt;&#10;boto3.resources.action: DEBUG: Calling s3:get_object with {'Bucket': 'dark-cloud-bucket', 'Key': '__testing/DwJ6vY_VAAIexyj.jpg'}&#10;botocore.hooks: DEBUG: Event before-parameter-build.s3.GetObject: calling handler &lt;function sse_md5 at 0x10e6a3510&gt;&#10;botocore.hooks: DEBUG: Event before-parameter-build.s3.GetObject: calling handler &lt;function validate_bucket_name at 0x10e6a3488&gt;&#10;botocore.hooks: DEBUG: Event before-parameter-build.s3.GetObject: calling handler &lt;bound method S3RegionRedirector.redirect_from_cache of &lt;botocore.utils.S3RegionRedirector object at 0x10f49e518&gt;&gt;&#10;botocore.hooks: DEBUG: Event before-parameter-build.s3.GetObject: calling handler &lt;function generate_idempotent_uuid at 0x10e6a30d0&gt;&#10;botocore.hooks: DEBUG: Event before-call.s3.GetObject: calling handler &lt;function add_expect_header at 0x10e6a3950&gt;&#10;botocore.hooks: DEBUG: Event before-call.s3.GetObject: calling handler &lt;bound method S3RegionRedirector.set_request_url of &lt;botocore.utils.S3RegionRedirector object at 0x10f49e518&gt;&gt;&#10;botocore.hooks: DEBUG: Event before-call.s3.GetObject: calling handler &lt;function inject_api_version_header_if_needed at 0x10e6a4e18&gt;&#10;botocore.endpoint: DEBUG: Making request for OperationModel(name=GetObject) with params: {'url_path': '/dark-cloud-bucket/__testing/DwJ6vY_VAAIexyj.jpg', 'query_string': {}, 'method': 'GET', 'headers': {'User-Agent': 'Boto3/1.9.74 Python/3.6.5 Darwin/18.2.0 Botocore/1.12.77 Resource'}, 'body': b'', 'url': 'https://s3.us-west-2.amazonaws.com/dark-cloud-bucket/__testing/DwJ6vY_VAAIexyj.jpg', 'context': {'client_region': 'us-west-2', 'client_config': &lt;botocore.config.Config object at 0x10f4ac390&gt;, 'has_streaming_input': False, 'auth_type': None, 'signing': {'bucket': 'dark-cloud-bucket'}}}&#10;botocore.hooks: DEBUG: Event request-created.s3.GetObject: calling handler &lt;bound method RequestSigner.handler of &lt;botocore.signers.RequestSigner object at 0x10f4ac160&gt;&gt;&#10;botocore.hooks: DEBUG: Event choose-signer.s3.GetObject: calling handler &lt;bound method ClientCreator._default_s3_presign_to_sigv2 of &lt;botocore.client.ClientCreator object at 0x10f411dd8&gt;&gt;&#10;botocore.hooks: DEBUG: Event choose-signer.s3.GetObject: calling handler &lt;function set_operation_specific_signer at 0x10e69ff28&gt;&#10;botocore.hooks: DEBUG: Event before-sign.s3.GetObject: calling handler &lt;function fix_s3_host at 0x10e52e400&gt;&#10;botocore.utils: DEBUG: Checking for DNS compatible bucket for: https://s3.us-west-2.amazonaws.com/dark-cloud-bucket/__testing/DwJ6vY_VAAIexyj.jpg&#10;botocore.utils: DEBUG: URI updated to: https://dark-cloud-bucket.s3.us-west-2.amazonaws.com/__testing/DwJ6vY_VAAIexyj.jpg&#10;botocore.auth: DEBUG: Calculating signature using v4 auth.&#10;botocore.auth: DEBUG: CanonicalRequest:&#10;GET&#10;/__testing/DwJ6vY_VAAIexyj.jpg&#10;&#10;host:dark-cloud-bucket.s3.us-west-2.amazonaws.com&#10;x-amz-content-sha256:e3b0c44298fc1c149afbf4c8996fb92427ae41e4649b934ca495991b7852b855&#10;x-amz-date:20190113T193404Z&#10;&#10;host;x-amz-content-sha256;x-amz-date&#10;e3b0c44298fc1c149afbf4c8996fb92427ae41e4649b934ca495991b7852b855&#10;botocore.auth: DEBUG: StringToSign:&#10;AWS4-HMAC-SHA256&#10;20190113T193404Z&#10;20190113/us-west-2/s3/aws4_request&#10;2eac0688704afe6b9605ff496e85fcfbb9616bdaa8a82ab19a31c2d0a6a8844f&#10;botocore.auth: DEBUG: Signature:&#10;f6b8b7aa29935b3f7288e773403f9ac06b0a8b35dcacfb300ea454cf529c01ac&#10;botocore.endpoint: DEBUG: Sending http request: &lt;AWSPreparedRequest stream_output=True, method=GET, url=https://dark-cloud-bucket.s3.us-west-2.amazonaws.com/__testing/DwJ6vY_VAAIexyj.jpg, headers={'User-Agent': b'Boto3/1.9.74 Python/3.6.5 Darwin/18.2.0 Botocore/1.12.77 Resource', 'X-Amz-Date': b'20190113T193404Z', 'X-Amz-Content-SHA256': b'e3b0c44298fc1c149afbf4c8996fb92427ae41e4649b934ca495991b7852b855', 'Authorization': b'AWS4-HMAC-SHA256 Credential=AKIAJI2YOXUROAPCNJKA/20190113/us-west-2/s3/aws4_request, SignedHeaders=host;x-amz-content-sha256;x-amz-date, Signature=f6b8b7aa29935b3f7288e773403f9ac06b0a8b35dcacfb300ea454cf529c01ac'}&gt;&#10;urllib3.util.retry: DEBUG: Converted retries value: False -&gt; Retry(total=False, connect=None, read=None, redirect=0, status=None)&#10;urllib3.connectionpool: DEBUG: https://dark-cloud-bucket.s3.us-west-2.amazonaws.com:443 &quot;GET /__testing/DwJ6vY_VAAIexyj.jpg HTTP/1.1&quot; 200 109313&#10;botocore.parsers: DEBUG: Response headers: {'x-amz-id-2': 'loYshwOmm+RTZles4gFHKmvFAoR3sD89wUL7V3hc764d2JGJrYK3t3kYZ9M4F2rUi8FF5vyActE=', 'x-amz-request-id': '3B6DD9A091A8A41B', 'Date': 'Sun, 13 Jan 2019 19:34:38 GMT', 'Last-Modified': 'Sun, 13 Jan 2019 19:34:37 GMT', 'ETag': '&quot;74d276a6cb7b0128e9bba98c3d03f2b0&quot;', 'Accept-Ranges': 'bytes', 'Content-Type': 'application/octet-stream', 'Content-Length': '109313', 'Server': 'AmazonS3'}&#10;botocore.parsers: DEBUG: Response body:&#10;&lt;botocore.response.StreamingBody object at 0x10f844d68&gt;&#10;botocore.hooks: DEBUG: Event needs-retry.s3.GetObject: calling handler &lt;botocore.retryhandler.RetryHandler object at 0x10f49e470&gt;&#10;botocore.retryhandler: DEBUG: No retry needed.&#10;botocore.hooks: DEBUG: Event needs-retry.s3.GetObject: calling handler &lt;bound method S3RegionRedirector.redirect_from_error of &lt;botocore.utils.S3RegionRedirector object at 0x10f49e518&gt;&gt;&#10;boto3.resources.action: DEBUG: Response: {'ResponseMetadata': {'RequestId': '3B6DD9A091A8A41B', 'HostId': 'loYshwOmm+RTZles4gFHKmvFAoR3sD89wUL7V3hc764d2JGJrYK3t3kYZ9M4F2rUi8FF5vyActE=', 'HTTPStatusCode': 200, 'HTTPHeaders': {'x-amz-id-2': 'loYshwOmm+RTZles4gFHKmvFAoR3sD89wUL7V3hc764d2JGJrYK3t3kYZ9M4F2rUi8FF5vyActE=', 'x-amz-request-id': '3B6DD9A091A8A41B', 'date': 'Sun, 13 Jan 2019 19:34:38 GMT', 'last-modified': 'Sun, 13 Jan 2019 19:34:37 GMT', 'etag': '&quot;74d276a6cb7b0128e9bba98c3d03f2b0&quot;', 'accept-ranges': 'bytes', 'content-type': 'application/octet-stream', 'content-length': '109313', 'server': 'AmazonS3'}, 'RetryAttempts': 0}, 'AcceptRanges': 'bytes', 'LastModified': datetime.datetime(2019, 1, 13, 19, 34, 37, tzinfo=tzutc()), 'ContentLength': 109313, 'ETag': '&quot;74d276a6cb7b0128e9bba98c3d03f2b0&quot;', 'ContentType': 'application/octet-stream', 'Metadata': {}, 'Body': &lt;botocore.response.StreamingBody object at 0x10f844d68&gt;}&#10;botocore.hooks: DEBUG: Event choose-service-name: calling handler &lt;function handle_service_name_alias at 0x10e686d08&gt;&#10;botocore.hooks: DEBUG: Event creating-client-class.s3: calling handler &lt;function add_generate_presigned_post at 0x10e643a60&gt;&#10;botocore.hooks: DEBUG: Event creating-client-class.s3: calling handler &lt;function lazy_call.&lt;locals&gt;._handler at 0x10e70fa60&gt;&#10;botocore.hooks: DEBUG: Event creating-client-class.s3: calling handler &lt;function add_generate_presigned_url at 0x10e643840&gt;&#10;botocore.args: DEBUG: The s3 config key is not a dictionary type, ignoring its value of: None&#10;botocore.endpoint: DEBUG: Setting s3 timeout as (60, 60)&#10;botocore.client: DEBUG: Registering retry handlers for service: s3&#10;botocore.client: DEBUG: Defaulting to S3 virtual host style addressing with path style addressing fallback.&#10;boto3.resources.factory: DEBUG: Loading s3:s3&#10;botocore.hooks: DEBUG: Event before-parameter-build.s3.ListObjects: calling handler &lt;function set_list_objects_encoding_type_url at 0x10e6a4730&gt;&#10;botocore.hooks: DEBUG: Event before-parameter-build.s3.ListObjects: calling handler &lt;function validate_bucket_name at 0x10e6a3488&gt;&#10;botocore.hooks: DEBUG: Event before-parameter-build.s3.ListObjects: calling handler &lt;bound method S3RegionRedirector.redirect_from_cache of &lt;botocore.utils.S3RegionRedirector object at 0x10f868c18&gt;&gt;&#10;botocore.hooks: DEBUG: Event before-parameter-build.s3.ListObjects: calling handler &lt;function generate_idempotent_uuid at 0x10e6a30d0&gt;&#10;botocore.hooks: DEBUG: Event before-call.s3.ListObjects: calling handler &lt;function add_expect_header at 0x10e6a3950&gt;&#10;botocore.hooks: DEBUG: Event before-call.s3.ListObjects: calling handler &lt;bound method S3RegionRedirector.set_request_url of &lt;botocore.utils.S3RegionRedirector object at 0x10f868c18&gt;&gt;&#10;botocore.hooks: DEBUG: Event before-call.s3.ListObjects: calling handler &lt;function inject_api_version_header_if_needed at 0x10e6a4e18&gt;&#10;botocore.endpoint: DEBUG: Making request for OperationModel(name=ListObjects) with params: {'url_path': '/dark-cloud-bucket', 'query_string': {'prefix': '__testing/', 'encoding-type': 'url'}, 'method': 'GET', 'headers': {'User-Agent': 'Boto3/1.9.74 Python/3.6.5 Darwin/18.2.0 Botocore/1.12.77 Resource'}, 'body': b'', 'url': 'https://s3.us-west-2.amazonaws.com/dark-cloud-bucket?prefix=__testing%2F&amp;encoding-type=url', 'context': {'client_region': 'us-west-2', 'client_config': &lt;botocore.config.Config object at 0x10f8688d0&gt;, 'has_streaming_input': False, 'auth_type': None, 'encoding_type_auto_set': True, 'signing': {'bucket': 'dark-cloud-bucket'}}}&#10;botocore.hooks: DEBUG: Event request-created.s3.ListObjects: calling handler &lt;bound method RequestSigner.handler of &lt;botocore.signers.RequestSigner object at 0x10f868828&gt;&gt;&#10;botocore.hooks: DEBUG: Event choose-signer.s3.ListObjects: calling handler &lt;bound method ClientCreator._default_s3_presign_to_sigv2 of &lt;botocore.client.ClientCreator object at 0x10f13f9b0&gt;&gt;&#10;botocore.hooks: DEBUG: Event choose-signer.s3.ListObjects: calling handler &lt;function set_operation_specific_signer at 0x10e69ff28&gt;&#10;botocore.hooks: DEBUG: Event before-sign.s3.ListObjects: calling handler &lt;function fix_s3_host at 0x10e52e400&gt;&#10;botocore.utils: DEBUG: Checking for DNS compatible bucket for: https://s3.us-west-2.amazonaws.com/dark-cloud-bucket?prefix=__testing%2F&amp;encoding-type=url&#10;botocore.utils: DEBUG: URI updated to: https://dark-cloud-bucket.s3.us-west-2.amazonaws.com/?prefix=__testing%2F&amp;encoding-type=url&#10;botocore.auth: DEBUG: Calculating signature using v4 auth.&#10;botocore.auth: DEBUG: CanonicalRequest:&#10;GET&#10;/&#10;encoding-type=url&amp;prefix=__testing%2F&#10;host:dark-cloud-bucket.s3.us-west-2.amazonaws.com&#10;x-amz-content-sha256:e3b0c44298fc1c149afbf4c8996fb92427ae41e4649b934ca495991b7852b855&#10;x-amz-date:20190113T193404Z&#10;&#10;host;x-amz-content-sha256;x-amz-date&#10;e3b0c44298fc1c149afbf4c8996fb92427ae41e4649b934ca495991b7852b855&#10;botocore.auth: DEBUG: StringToSign:&#10;AWS4-HMAC-SHA256&#10;20190113T193404Z&#10;20190113/us-west-2/s3/aws4_request&#10;adf7a2af3c9b12e9a750eb37494c7a4bc253d1f034a2f3041ab297f5459fd6f9&#10;botocore.auth: DEBUG: Signature:&#10;954d6620d2c99c9c3c7f9d5d5994d78ad32a25ccbb759c63c2d6abf57c3edd36&#10;botocore.endpoint: DEBUG: Sending http request: &lt;AWSPreparedRequest stream_output=False, method=GET, url=https://dark-cloud-bucket.s3.us-west-2.amazonaws.com/?prefix=__testing%2F&amp;encoding-type=url, headers={'User-Agent': b'Boto3/1.9.74 Python/3.6.5 Darwin/18.2.0 Botocore/1.12.77 Resource', 'X-Amz-Date': b'20190113T193404Z', 'X-Amz-Content-SHA256': b'e3b0c44298fc1c149afbf4c8996fb92427ae41e4649b934ca495991b7852b855', 'Authorization': b'AWS4-HMAC-SHA256 Credential=AKIAJI2YOXUROAPCNJKA/20190113/us-west-2/s3/aws4_request, SignedHeaders=host;x-amz-content-sha256;x-amz-date, Signature=954d6620d2c99c9c3c7f9d5d5994d78ad32a25ccbb759c63c2d6abf57c3edd36'}&gt;&#10;urllib3.util.retry: DEBUG: Converted retries value: False -&gt; Retry(total=False, connect=None, read=None, redirect=0, status=None)&#10;urllib3.connectionpool: DEBUG: Starting new HTTPS connection (1): dark-cloud-bucket.s3.us-west-2.amazonaws.com:443&#10;urllib3.connectionpool: DEBUG: https://dark-cloud-bucket.s3.us-west-2.amazonaws.com:443 &quot;GET /?prefix=__testing%2F&amp;encoding-type=url HTTP/1.1&quot; 200 None&#10;botocore.parsers: DEBUG: Response headers: {'x-amz-id-2': 'PvVlb9TYt6CHXZxqMkbYS4U+Y9UbnMydzawyzyatiNgKc0Yy8eVRCCOCU3XUKs0YXQmn7X+M2Sc=', 'x-amz-request-id': 'F54DA6635ABF8DA4', 'Date': 'Sun, 13 Jan 2019 19:34:38 GMT', 'x-amz-bucket-region': 'us-west-2', 'Content-Type': 'application/xml', 'Transfer-Encoding': 'chunked', 'Server': 'AmazonS3'}&#10;botocore.parsers: DEBUG: Response body:&#10;b'&lt;?xml version=&quot;1.0&quot; encoding=&quot;UTF-8&quot;?&gt;\n&lt;ListBucketResult xmlns=&quot;http://s3.amazonaws.com/doc/2006-03-01/&quot;&gt;&lt;Name&gt;dark-cloud-bucket&lt;/Name&gt;&lt;Prefix&gt;__testing/&lt;/Prefix&gt;&lt;Marker&gt;&lt;/Marker&gt;&lt;MaxKeys&gt;1000&lt;/MaxKeys&gt;&lt;EncodingType&gt;url&lt;/EncodingType&gt;&lt;IsTruncated&gt;false&lt;/IsTruncated&gt;&lt;Contents&gt;&lt;Key&gt;__testing/DwJ6vY_VAAIexyj.jpg&lt;/Key&gt;&lt;LastModified&gt;2019-01-13T19:34:37.000Z&lt;/LastModified&gt;&lt;ETag&gt;&amp;quot;74d276a6cb7b0128e9bba98c3d03f2b0&amp;quot;&lt;/ETag&gt;&lt;Size&gt;109313&lt;/Size&gt;&lt;Owner&gt;&lt;ID&gt;cb320a9b866e872a7d2754c61161c6476642d8a50b4ff27a1879c7212f20febe&lt;/ID&gt;&lt;DisplayName&gt;countrypeaches&lt;/DisplayName&gt;&lt;/Owner&gt;&lt;StorageClass&gt;STANDARD&lt;/StorageClass&gt;&lt;/Contents&gt;&lt;Contents&gt;&lt;Key&gt;__testing/DwJ6vmKVAAAcjG3.jpg&lt;/Key&gt;&lt;LastModified&gt;2019-01-13T19:34:38.000Z&lt;/LastModified&gt;&lt;ETag&gt;&amp;quot;1b11eebd1af677abafcf98684f19ba84&amp;quot;&lt;/ETag&gt;&lt;Size&gt;99168&lt;/Size&gt;&lt;Owner&gt;&lt;ID&gt;cb320a9b866e872a7d2754c61161c6476642d8a50b4ff27a1879c7212f20febe&lt;/ID&gt;&lt;DisplayName&gt;countrypeaches&lt;/DisplayName&gt;&lt;/Owner&gt;&lt;StorageClass&gt;STANDARD&lt;/StorageClass&gt;&lt;/Contents&gt;&lt;Contents&gt;&lt;Key&gt;__testing/DwJ6vxHUUAARYrH.jpg&lt;/Key&gt;&lt;LastModified&gt;2019-01-13T19:34:38.000Z&lt;/LastModified&gt;&lt;ETag&gt;&amp;quot;38cfe5a19192394a9da6a6211f1e8cc6&amp;quot;&lt;/ETag&gt;&lt;Size&gt;91042&lt;/Size&gt;&lt;Owner&gt;&lt;ID&gt;cb320a9b866e872a7d2754c61161c6476642d8a50b4ff27a1879c7212f20febe&lt;/ID&gt;&lt;DisplayName&gt;countrypeaches&lt;/DisplayName&gt;&lt;/Owner&gt;&lt;StorageClass&gt;STANDARD&lt;/StorageClass&gt;&lt;/Contents&gt;&lt;/ListBucketResult&gt;'&#10;botocore.hooks: DEBUG: Event needs-retry.s3.ListObjects: calling handler &lt;botocore.retryhandler.RetryHandler object at 0x10f868b38&gt;&#10;botocore.retryhandler: DEBUG: No retry needed.&#10;botocore.hooks: DEBUG: Event needs-retry.s3.ListObjects: calling handler &lt;bound method S3RegionRedirector.redirect_from_error of &lt;botocore.utils.S3RegionRedirector object at 0x10f868c18&gt;&gt;&#10;botocore.hooks: DEBUG: Event after-call.s3.ListObjects: calling handler &lt;function decode_list_object at 0x10e6a47b8&gt;&#10;botocore.hooks: DEBUG: Event before-parameter-build.s3.DeleteObjects: calling handler &lt;function validate_bucket_name at 0x10e6a3488&gt;&#10;botocore.hooks: DEBUG: Event before-parameter-build.s3.DeleteObjects: calling handler &lt;bound method S3RegionRedirector.redirect_from_cache of &lt;botocore.utils.S3RegionRedirector object at 0x10f868c18&gt;&gt;&#10;botocore.hooks: DEBUG: Event before-parameter-build.s3.DeleteObjects: calling handler &lt;function generate_idempotent_uuid at 0x10e6a30d0&gt;&#10;botocore.hooks: DEBUG: Event before-call.s3.DeleteObjects: calling handler &lt;function calculate_md5 at 0x10e6a3268&gt;&#10;botocore.hooks: DEBUG: Event before-call.s3.DeleteObjects: calling handler &lt;function add_expect_header at 0x10e6a3950&gt;&#10;botocore.hooks: DEBUG: Event before-call.s3.DeleteObjects: calling handler &lt;bound method S3RegionRedirector.set_request_url of &lt;botocore.utils.S3RegionRedirector object at 0x10f868c18&gt;&gt;&#10;botocore.hooks: DEBUG: Event before-call.s3.DeleteObjects: calling handler &lt;function inject_api_version_header_if_needed at 0x10e6a4e18&gt;&#10;botocore.endpoint: DEBUG: Making request for OperationModel(name=DeleteObjects) with params: {'url_path': '/dark-cloud-bucket?delete', 'query_string': {}, 'method': 'POST', 'headers': {'User-Agent': 'Boto3/1.9.74 Python/3.6.5 Darwin/18.2.0 Botocore/1.12.77 Resource', 'Content-MD5': 'SHvQG3iBKOcpKvQx0Suckg=='}, 'body': b'&lt;Delete xmlns=&quot;http://s3.amazonaws.com/doc/2006-03-01/&quot;&gt;&lt;Object&gt;&lt;Key&gt;__testing/DwJ6vY_VAAIexyj.jpg&lt;/Key&gt;&lt;/Object&gt;&lt;Object&gt;&lt;Key&gt;__testing/DwJ6vmKVAAAcjG3.jpg&lt;/Key&gt;&lt;/Object&gt;&lt;Object&gt;&lt;Key&gt;__testing/DwJ6vxHUUAARYrH.jpg&lt;/Key&gt;&lt;/Object&gt;&lt;/Delete&gt;', 'url': 'https://s3.us-west-2.amazonaws.com/dark-cloud-bucket?delete', 'context': {'client_region': 'us-west-2', 'client_config': &lt;botocore.config.Config object at 0x10f8688d0&gt;, 'has_streaming_input': False, 'auth_type': None, 'signing': {'bucket': 'dark-cloud-bucket'}}}&#10;botocore.hooks: DEBUG: Event request-created.s3.DeleteObjects: calling handler &lt;bound method RequestSigner.handler of &lt;botocore.signers.RequestSigner object at 0x10f868828&gt;&gt;&#10;botocore.hooks: DEBUG: Event choose-signer.s3.DeleteObjects: calling handler &lt;bound method ClientCreator._default_s3_presign_to_sigv2 of &lt;botocore.client.ClientCreator object at 0x10f13f9b0&gt;&gt;&#10;botocore.hooks: DEBUG: Event choose-signer.s3.DeleteObjects: calling handler &lt;function set_operation_specific_signer at 0x10e69ff28&gt;&#10;botocore.hooks: DEBUG: Event before-sign.s3.DeleteObjects: calling handler &lt;function fix_s3_host at 0x10e52e400&gt;&#10;botocore.utils: DEBUG: Checking for DNS compatible bucket for: https://s3.us-west-2.amazonaws.com/dark-cloud-bucket?delete&#10;botocore.utils: DEBUG: URI updated to: https://dark-cloud-bucket.s3.us-west-2.amazonaws.com/?delete&#10;botocore.auth: DEBUG: Calculating signature using v4 auth.&#10;botocore.auth: DEBUG: CanonicalRequest:&#10;POST&#10;/&#10;delete=&#10;content-md5:SHvQG3iBKOcpKvQx0Suckg==&#10;host:dark-cloud-bucket.s3.us-west-2.amazonaws.com&#10;x-amz-content-sha256:fbaab411e6ca9ea8fafecd5c2443ee59378d5075c5db630e934c99e304200b0f&#10;x-amz-date:20190113T193404Z&#10;&#10;content-md5;host;x-amz-content-sha256;x-amz-date&#10;fbaab411e6ca9ea8fafecd5c2443ee59378d5075c5db630e934c99e304200b0f&#10;botocore.auth: DEBUG: StringToSign:&#10;AWS4-HMAC-SHA256&#10;20190113T193404Z&#10;20190113/us-west-2/s3/aws4_request&#10;62c2c2b52b5191302675d8f1faf65457ba3e28fd14e591cb314a31ac5a56b030&#10;botocore.auth: DEBUG: Signature:&#10;0b9b01c7e4b0685624a528418cbe64f54b60b95c00a4543d188b765da0936cad&#10;botocore.endpoint: DEBUG: Sending http request: &lt;AWSPreparedRequest stream_output=False, method=POST, url=https://dark-cloud-bucket.s3.us-west-2.amazonaws.com/?delete, headers={'User-Agent': b'Boto3/1.9.74 Python/3.6.5 Darwin/18.2.0 Botocore/1.12.77 Resource', 'Content-MD5': b'SHvQG3iBKOcpKvQx0Suckg==', 'X-Amz-Date': b'20190113T193404Z', 'X-Amz-Content-SHA256': b'fbaab411e6ca9ea8fafecd5c2443ee59378d5075c5db630e934c99e304200b0f', 'Authorization': b'AWS4-HMAC-SHA256 Credential=AKIAJI2YOXUROAPCNJKA/20190113/us-west-2/s3/aws4_request, SignedHeaders=content-md5;host;x-amz-content-sha256;x-amz-date, Signature=0b9b01c7e4b0685624a528418cbe64f54b60b95c00a4543d188b765da0936cad', 'Content-Length': '236'}&gt;&#10;urllib3.util.retry: DEBUG: Converted retries value: False -&gt; Retry(total=False, connect=None, read=None, redirect=0, status=None)&#10;urllib3.connectionpool: DEBUG: https://dark-cloud-bucket.s3.us-west-2.amazonaws.com:443 &quot;POST /?delete HTTP/1.1&quot; 200 None&#10;botocore.parsers: DEBUG: Response headers: {'x-amz-id-2': 'yWQtOqEe9g69m9MTo0Pepf7OcsfD6yMa0cH34tvZjWRVLmeVDcgVOTWTNHDxUrA/O0UjcHq1mE4=', 'x-amz-request-id': '2693C4730D1C8564', 'Date': 'Sun, 13 Jan 2019 19:34:38 GMT', 'Connection': 'close', 'Content-Type': 'application/xml', 'Transfer-Encoding': 'chunked', 'Server': 'AmazonS3'}&#10;botocore.parsers: DEBUG: Response body:&#10;b'&lt;?xml version=&quot;1.0&quot; encoding=&quot;UTF-8&quot;?&gt;\n&lt;DeleteResult xmlns=&quot;http://s3.amazonaws.com/doc/2006-03-01/&quot;&gt;&lt;Deleted&gt;&lt;Key&gt;__testing/DwJ6vmKVAAAcjG3.jpg&lt;/Key&gt;&lt;/Deleted&gt;&lt;Deleted&gt;&lt;Key&gt;__testing/DwJ6vxHUUAARYrH.jpg&lt;/Key&gt;&lt;/Deleted&gt;&lt;Deleted&gt;&lt;Key&gt;__testing/DwJ6vY_VAAIexyj.jpg&lt;/Key&gt;&lt;/Deleted&gt;&lt;/DeleteResult&gt;'&#10;botocore.hooks: DEBUG: Event needs-retry.s3.DeleteObjects: calling handler &lt;botocore.retryhandler.RetryHandler object at 0x10f868b38&gt;&#10;botocore.retryhandler: DEBUG: No retry needed.&#10;botocore.hooks: DEBUG: Event needs-retry.s3.DeleteObjects: calling handler &lt;bound method S3RegionRedirector.redirect_from_error of &lt;botocore.utils.S3RegionRedirector object at 0x10f868c18&gt;&gt;&#10;--------------------- &gt;&gt; end captured logging &lt;&lt; ---------------------"><![CDATA[  File "/Library/Frameworks/Python.framework/Versions/3.6/lib/python3.6/unittest/case.py", line 59, in testPartExecutor
    yield
  File "/Library/Frameworks/Python.framework/Versions/3.6/lib/python3.6/unittest/case.py", line 605, in run
    testMethod()
  File "/Users/russellboley/Downloads/Git/aws-py-read-twitter-feed-for-new-tweets/test_integration.py", line 66, in test_only_correct_num_of_images_get_downloaded
    count = count_objects_in_s3(bucket_name=self.event_user['bucket'])
  File "/Users/russellboley/Downloads/Git/aws-py-read-twitter-feed-for-new-tweets/test_integration.py", line 84, in count_objects_in_s3
    return file_contents.count('\n')
a bytes-like object is required, not 'str'
-------------------- >> begin captured stdout << ---------------------
cloud_images
downloading: http://pbs.twimg.com/media/DwJ6vY_VAAIexyj.jpg
{'ResponseMetadata': {'RequestId': '42d6669e-176a-11e9-8d9f-633ab33b8bc4', 'HTTPStatusCode': 202, 'HTTPHeaders': {'date': 'Sun, 13 Jan 2019 19:34:36 GMT', 'content-length': '0', 'connection': 'keep-alive', 'x-amzn-requestid': '42d6669e-176a-11e9-8d9f-633ab33b8bc4', 'x-amzn-remapped-content-length': '0', 'x-amzn-trace-id': 'root=1-5c3b92cc-39cfce3280c0a644c1665d6e;sampled=0'}, 'RetryAttempts': 0}, 'StatusCode': 202, 'Payload': <botocore.response.StreamingBody object at 0x10f3f22e8>}
downloading: http://pbs.twimg.com/media/DwJ6vmKVAAAcjG3.jpg
{'ResponseMetadata': {'RequestId': '42ed9748-176a-11e9-b02a-85afa13b33a3', 'HTTPStatusCode': 202, 'HTTPHeaders': {'date': 'Sun, 13 Jan 2019 19:34:36 GMT', 'content-length': '0', 'connection': 'keep-alive', 'x-amzn-requestid': '42ed9748-176a-11e9-b02a-85afa13b33a3', 'x-amzn-remapped-content-length': '0', 'x-amzn-trace-id': 'root=1-5c3b92cc-a28e9a0e436811ea91384382;sampled=0'}, 'RetryAttempts': 0}, 'StatusCode': 202, 'Payload': <botocore.response.StreamingBody object at 0x10f3f23c8>}
downloading: http://pbs.twimg.com/media/DwJ6vxHUUAARYrH.jpg
{'ResponseMetadata': {'RequestId': '4306eb96-176a-11e9-b1d5-cf955c4a3ccb', 'HTTPStatusCode': 202, 'HTTPHeaders': {'date': 'Sun, 13 Jan 2019 19:34:37 GMT', 'content-length': '0', 'connection': 'keep-alive', 'x-amzn-requestid': '4306eb96-176a-11e9-b1d5-cf955c4a3ccb', 'x-amzn-remapped-content-length': '0', 'x-amzn-trace-id': 'root=1-5c3b92cd-b00e1b8099be1e00a8d37480;sampled=0'}, 'RetryAttempts': 0}, 'StatusCode': 202, 'Payload': <botocore.response.StreamingBody object at 0x10f3f2470>}

--------------------- >> end captured stdout << ----------------------
-------------------- >> begin captured logging << --------------------
botocore.hooks: DEBUG: Changing event name from creating-client-class.iot-data to creating-client-class.iot-data-plane
botocore.hooks: DEBUG: Changing event name from before-call.apigateway to before-call.api-gateway
botocore.hooks: DEBUG: Changing event name from request-created.machinelearning.Predict to request-created.machine-learning.Predict
botocore.hooks: DEBUG: Changing event name from before-parameter-build.autoscaling.CreateLaunchConfiguration to before-parameter-build.auto-scaling.CreateLaunchConfiguration
botocore.hooks: DEBUG: Changing event name from before-parameter-build.route53 to before-parameter-build.route-53
botocore.hooks: DEBUG: Changing event name from request-created.cloudsearchdomain.Search to request-created.cloudsearch-domain.Search
botocore.hooks: DEBUG: Changing event name from docs.*.autoscaling.CreateLaunchConfiguration.complete-section to docs.*.auto-scaling.CreateLaunchConfiguration.complete-section
botocore.hooks: DEBUG: Changing event name from before-parameter-build.logs.CreateExportTask to before-parameter-build.cloudwatch-logs.CreateExportTask
botocore.hooks: DEBUG: Changing event name from docs.*.logs.CreateExportTask.complete-section to docs.*.cloudwatch-logs.CreateExportTask.complete-section
botocore.hooks: DEBUG: Changing event name from before-parameter-build.cloudsearchdomain.Search to before-parameter-build.cloudsearch-domain.Search
botocore.hooks: DEBUG: Changing event name from docs.*.cloudsearchdomain.Search.complete-section to docs.*.cloudsearch-domain.Search.complete-section
botocore.credentials: DEBUG: Looking for credentials via: env
botocore.credentials: DEBUG: Looking for credentials via: assume-role
botocore.credentials: DEBUG: Looking for credentials via: shared-credentials-file
botocore.credentials: INFO: Found credentials in shared credentials file: ~/.aws/credentials
botocore.loaders: DEBUG: Loading JSON file: /Users/russellboley/Downloads/Git/aws-py-read-twitter-feed-for-new-tweets/env/lib/python3.6/site-packages/botocore/data/endpoints.json
botocore.hooks: DEBUG: Event choose-service-name: calling handler <function handle_service_name_alias at 0x10e686d08>
botocore.loaders: DEBUG: Loading JSON file: /Users/russellboley/Downloads/Git/aws-py-read-twitter-feed-for-new-tweets/env/lib/python3.6/site-packages/botocore/data/lambda/2015-03-31/service-2.json
botocore.hooks: DEBUG: Event creating-client-class.lambda: calling handler <function add_generate_presigned_url at 0x10e643840>
botocore.args: DEBUG: The s3 config key is not a dictionary type, ignoring its value of: None
botocore.endpoint: DEBUG: Setting lambda timeout as (60, 60)
botocore.loaders: DEBUG: Loading JSON file: /Users/russellboley/Downloads/Git/aws-py-read-twitter-feed-for-new-tweets/env/lib/python3.6/site-packages/botocore/data/_retry.json
botocore.client: DEBUG: Registering retry handlers for service: lambda
botocore.hooks: DEBUG: Event choose-service-name: calling handler <function handle_service_name_alias at 0x10e686d08>
botocore.loaders: DEBUG: Loading JSON file: /Users/russellboley/Downloads/Git/aws-py-read-twitter-feed-for-new-tweets/env/lib/python3.6/site-packages/botocore/data/s3/2006-03-01/service-2.json
botocore.hooks: DEBUG: Event creating-client-class.s3: calling handler <function add_generate_presigned_post at 0x10e643a60>
botocore.hooks: DEBUG: Event creating-client-class.s3: calling handler <function lazy_call.<locals>._handler at 0x10e70fa60>
botocore.hooks: DEBUG: Event creating-client-class.s3: calling handler <function add_generate_presigned_url at 0x10e643840>
botocore.args: DEBUG: The s3 config key is not a dictionary type, ignoring its value of: None
botocore.endpoint: DEBUG: Setting s3 timeout as (60, 60)
botocore.client: DEBUG: Registering retry handlers for service: s3
botocore.client: DEBUG: Defaulting to S3 virtual host style addressing with path style addressing fallback.
botocore.hooks: DEBUG: Event before-parameter-build.s3.ListObjectsV2: calling handler <function set_list_objects_encoding_type_url at 0x10e6a4730>
botocore.hooks: DEBUG: Event before-parameter-build.s3.ListObjectsV2: calling handler <function validate_bucket_name at 0x10e6a3488>
botocore.hooks: DEBUG: Event before-parameter-build.s3.ListObjectsV2: calling handler <bound method S3RegionRedirector.redirect_from_cache of <botocore.utils.S3RegionRedirector object at 0x10f3df7b8>>
botocore.hooks: DEBUG: Event before-parameter-build.s3.ListObjectsV2: calling handler <function generate_idempotent_uuid at 0x10e6a30d0>
botocore.hooks: DEBUG: Event before-call.s3.ListObjectsV2: calling handler <function add_expect_header at 0x10e6a3950>
botocore.hooks: DEBUG: Event before-call.s3.ListObjectsV2: calling handler <bound method S3RegionRedirector.set_request_url of <botocore.utils.S3RegionRedirector object at 0x10f3df7b8>>
botocore.hooks: DEBUG: Event before-call.s3.ListObjectsV2: calling handler <function inject_api_version_header_if_needed at 0x10e6a4e18>
botocore.endpoint: DEBUG: Making request for OperationModel(name=ListObjectsV2) with params: {'url_path': '/dark-cloud-bucket?list-type=2', 'query_string': {'prefix': '__testing/', 'encoding-type': 'url'}, 'method': 'GET', 'headers': {'User-Agent': 'Boto3/1.9.74 Python/3.6.5 Darwin/18.2.0 Botocore/1.12.77'}, 'body': b'', 'url': 'https://s3.us-west-2.amazonaws.com/dark-cloud-bucket?list-type=2&prefix=__testing%2F&encoding-type=url', 'context': {'client_region': 'us-west-2', 'client_config': <botocore.config.Config object at 0x10f369eb8>, 'has_streaming_input': False, 'auth_type': None, 'encoding_type_auto_set': True, 'signing': {'bucket': 'dark-cloud-bucket'}}}
botocore.hooks: DEBUG: Event request-created.s3.ListObjectsV2: calling handler <bound method RequestSigner.handler of <botocore.signers.RequestSigner object at 0x10f369b70>>
botocore.hooks: DEBUG: Event choose-signer.s3.ListObjectsV2: calling handler <bound method ClientCreator._default_s3_presign_to_sigv2 of <botocore.client.ClientCreator object at 0x10f13f9b0>>
botocore.hooks: DEBUG: Event choose-signer.s3.ListObjectsV2: calling handler <function set_operation_specific_signer at 0x10e69ff28>
botocore.hooks: DEBUG: Event before-sign.s3.ListObjectsV2: calling handler <function fix_s3_host at 0x10e52e400>
botocore.utils: DEBUG: Checking for DNS compatible bucket for: https://s3.us-west-2.amazonaws.com/dark-cloud-bucket?list-type=2&prefix=__testing%2F&encoding-type=url
botocore.utils: DEBUG: URI updated to: https://dark-cloud-bucket.s3.us-west-2.amazonaws.com/?list-type=2&prefix=__testing%2F&encoding-type=url
botocore.auth: DEBUG: Calculating signature using v4 auth.
botocore.auth: DEBUG: CanonicalRequest:
GET
/
encoding-type=url&list-type=2&prefix=__testing%2F
host:dark-cloud-bucket.s3.us-west-2.amazonaws.com
x-amz-content-sha256:e3b0c44298fc1c149afbf4c8996fb92427ae41e4649b934ca495991b7852b855
x-amz-date:20190113T193357Z

host;x-amz-content-sha256;x-amz-date
e3b0c44298fc1c149afbf4c8996fb92427ae41e4649b934ca495991b7852b855
botocore.auth: DEBUG: StringToSign:
AWS4-HMAC-SHA256
20190113T193357Z
20190113/us-west-2/s3/aws4_request
b4dc7e8f286eddd62b514c39e56a43d53ef4e7f67a45a204b72ea5c96b857b60
botocore.auth: DEBUG: Signature:
55c8425ef32217ea8463bceaedd427724355f13dbed0f998848819edcb5dbe13
botocore.endpoint: DEBUG: Sending http request: <AWSPreparedRequest stream_output=False, method=GET, url=https://dark-cloud-bucket.s3.us-west-2.amazonaws.com/?list-type=2&prefix=__testing%2F&encoding-type=url, headers={'User-Agent': b'Boto3/1.9.74 Python/3.6.5 Darwin/18.2.0 Botocore/1.12.77', 'X-Amz-Date': b'20190113T193357Z', 'X-Amz-Content-SHA256': b'e3b0c44298fc1c149afbf4c8996fb92427ae41e4649b934ca495991b7852b855', 'Authorization': b'AWS4-HMAC-SHA256 Credential=AKIAJI2YOXUROAPCNJKA/20190113/us-west-2/s3/aws4_request, SignedHeaders=host;x-amz-content-sha256;x-amz-date, Signature=55c8425ef32217ea8463bceaedd427724355f13dbed0f998848819edcb5dbe13'}>
urllib3.util.retry: DEBUG: Converted retries value: False -> Retry(total=False, connect=None, read=None, redirect=0, status=None)
urllib3.connectionpool: DEBUG: Starting new HTTPS connection (1): dark-cloud-bucket.s3.us-west-2.amazonaws.com:443
[...]
botocore.hooks: DEBUG: Event before-call.s3.GetObject: calling handler <function add_expect_header at 0x10e6a3950>
botocore.hooks: DEBUG: Event before-call.s3.GetObject: calling handler <bound method S3RegionRedirector.set_request_url of <botocore.utils.S3RegionRedirector object at 0x10f49e518>>
botocore.hooks: DEBUG: Event before-call.s3.GetObject: calling handler <function inject_api_version_header_if_needed at 0x10e6a4e18>
botocore.endpoint: DEBUG: Making request for OperationModel(name=GetObject) with params: {'url_path': '/dark-cloud-bucket/__testing/DwJ6vY_VAAIexyj.jpg', 'query_string': {}, 'method': 'GET', 'headers': {'User-Agent': 'Boto3/1.9.74 Python/3.6.5 Darwin/18.2.0 Botocore/1.12.77 Resource'}, 'body': b'', 'url': 'https://s3.us-west-2.amazonaws.com/dark-cloud-bucket/__testing/DwJ6vY_VAAIexyj.jpg', 'context': {'client_region': 'us-west-2', 'client_config': <botocore.config.Config object at 0x10f4ac390>, 'has_streaming_input': False, 'auth_type': None, 'signing': {'bucket': 'dark-cloud-bucket'}}}
botocore.hooks: DEBUG: Event request-created.s3.GetObject: calling handler <bound method RequestSigner.handler of <botocore.signers.RequestSigner object at 0x10f4ac160>>
botocore.hooks: DEBUG: Event choose-signer.s3.GetObject: calling handler <bound method ClientCreator._default_s3_presign_to_sigv2 of <botocore.client.ClientCreator object at 0x10f411dd8>>
botocore.hooks: DEBUG: Event choose-signer.s3.GetObject: calling handler <function set_operation_specific_signer at 0x10e69ff28>
botocore.hooks: DEBUG: Event before-sign.s3.GetObject: calling handler <function fix_s3_host at 0x10e52e400>
botocore.utils: DEBUG: Checking for DNS compatible bucket for: https://s3.us-west-2.amazonaws.com/dark-cloud-bucket/__testing/DwJ6vY_VAAIexyj.jpg
botocore.utils: DEBUG: URI updated to: https://dark-cloud-bucket.s3.us-west-2.amazonaws.com/__testing/DwJ6vY_VAAIexyj.jpg
botocore.auth: DEBUG: Calculating signature using v4 auth.
botocore.auth: DEBUG: CanonicalRequest:
GET
/__testing/DwJ6vY_VAAIexyj.jpg

host:dark-cloud-bucket.s3.us-west-2.amazonaws.com
x-amz-content-sha256:e3b0c44298fc1c149afbf4c8996fb92427ae41e4649b934ca495991b7852b855
x-amz-date:20190113T193404Z

host;x-amz-content-sha256;x-amz-date
e3b0c44298fc1c149afbf4c8996fb92427ae41e4649b934ca495991b7852b855
botocore.auth: DEBUG: StringToSign:
AWS4-HMAC-SHA256
20190113T193404Z
20190113/us-west-2/s3/aws4_request
2eac0688704afe6b9605ff496e85fcfbb9616bdaa8a82ab19a31c2d0a6a8844f
botocore.auth: DEBUG: Signature:
f6b8b7aa29935b3f7288e773403f9ac06b0a8b35dcacfb300ea454cf529c01ac
botocore.endpoint: DEBUG: Sending http request: <AWSPreparedRequest stream_output=True, method=GET, url=https://dark-cloud-bucket.s3.us-west-2.amazonaws.com/__testing/DwJ6vY_VAAIexyj.jpg, headers={'User-Agent': b'Boto3/1.9.74 Python/3.6.5 Darwin/18.2.0 Botocore/1.12.77 Resource', 'X-Amz-Date': b'20190113T193404Z', 'X-Amz-Content-SHA256': b'e3b0c44298fc1c149afbf4c8996fb92427ae41e4649b934ca495991b7852b855', 'Authorization': b'AWS4-HMAC-SHA256 Credential=AKIAJI2YOXUROAPCNJKA/20190113/us-west-2/s3/aws4_request, SignedHeaders=host;x-amz-content-sha256;x-amz-date, Signature=f6b8b7aa29935b3f7288e773403f9ac06b0a8b35dcacfb300ea454cf529c01ac'}>
urllib3.util.retry: DEBUG: Converted retries value: False -> Retry(total=False, connect=None, read=None, redirect=0, status=None)
urllib3.connectionpool: DEBUG: https://dark-cloud-bucket.s3.us-west-2.amazonaws.com:443 "GET /__testing/DwJ6vY_VAAIexyj.jpg HTTP/1.1" 200 109313
botocore.parsers: DEBUG: Response headers: {'x-amz-id-2': 'loYshwOmm+RTZles4gFHKmvFAoR3sD89wUL7V3hc764d2JGJrYK3t3kYZ9M4F2rUi8FF5vyActE=', 'x-amz-request-id': '3B6DD9A091A8A41B', 'Date': 'Sun, 13 Jan 2019 19:34:38 GMT', 'Last-Modified': 'Sun, 13 Jan 2019 19:34:37 GMT', 'ETag': '"74d276a6cb7b0128e9bba98c3d03f2b0"', 'Accept-Ranges': 'bytes', 'Content-Type': 'application/octet-stream', 'Content-Length': '109313', 'Server': 'AmazonS3'}
botocore.parsers: DEBUG: Response body:
<botocore.response.StreamingBody object at 0x10f844d68>
botocore.hooks: DEBUG: Event needs-retry.s3.GetObject: calling handler <botocore.retryhandler.RetryHandler object at 0x10f49e470>
botocore.retryhandler: DEBUG: No retry needed.
botocore.hooks: DEBUG: Event needs-retry.s3.GetObject: calling handler <bound method S3RegionRedirector.redirect_from_error of <botocore.utils.S3RegionRedirector object at 0x10f49e518>>
boto3.resources.action: DEBUG: Response: {'ResponseMetadata': {'RequestId': '3B6DD9A091A8A41B', 'HostId': 'loYshwOmm+RTZles4gFHKmvFAoR3sD89wUL7V3hc764d2JGJrYK3t3kYZ9M4F2rUi8FF5vyActE=', 'HTTPStatusCode': 200, 'HTTPHeaders': {'x-amz-id-2': 'loYshwOmm+RTZles4gFHKmvFAoR3sD89wUL7V3hc764d2JGJrYK3t3kYZ9M4F2rUi8FF5vyActE=', 'x-amz-request-id': '3B6DD9A091A8A41B', 'date': 'Sun, 13 Jan 2019 19:34:38 GMT', 'last-modified': 'Sun, 13 Jan 2019 19:34:37 GMT', 'etag': '"74d276a6cb7b0128e9bba98c3d03f2b0"', 'accept-ranges': 'bytes', 'content-type': 'application/octet-stream', 'content-length': '109313', 'server': 'AmazonS3'}, 'RetryAttempts': 0}, 'AcceptRanges': 'bytes', 'LastModified': datetime.datetime(2019, 1, 13, 19, 34, 37, tzinfo=tzutc()), 'ContentLength': 109313, 'ETag': '"74d276a6cb7b0128e9bba98c3d03f2b0"', 'ContentType': 'application/octet-stream', 'Metadata': {}, 'Body': <botocore.response.StreamingBody object at 0x10f844d68>}
botocore.hooks: DEBUG: Event choose-service-name: calling handler <function handle_service_name_alias at 0x10e686d08>
botocore.hooks: DEBUG: Event creating-client-class.s3: calling handler <function add_generate_presigned_post at 0x10e643a60>
botocore.hooks: DEBUG: Event creating-client-class.s3: calling handler <function lazy_call.<locals>._handler at 0x10e70fa60>
botocore.hooks: DEBUG: Event creating-client-class.s3: calling handler <function add_generate_presigned_url at 0x10e643840>
botocore.args: DEBUG: The s3 config key is not a dictionary type, ignoring its value of: None
botocore.endpoint: DEBUG: Setting s3 timeout as (60, 60)
botocore.client: DEBUG: Registering retry handlers for service: s3
botocore.client: DEBUG: Defaulting to S3 virtual host style addressing with path style addressing fallback.
boto3.resources.factory: DEBUG: Loading s3:s3
botocore.hooks: DEBUG: Event before-parameter-build.s3.ListObjects: calling handler <function set_list_objects_encoding_type_url at 0x10e6a4730>
botocore.hooks: DEBUG: Event before-parameter-build.s3.ListObjects: calling handler <function validate_bucket_name at 0x10e6a3488>
botocore.hooks: DEBUG: Event before-parameter-build.s3.ListObjects: calling handler <bound method S3RegionRedirector.redirect_from_cache of <botocore.utils.S3RegionRedirector object at 0x10f868c18>>
botocore.hooks: DEBUG: Event before-parameter-build.s3.ListObjects: calling handler <function generate_idempotent_uuid at 0x10e6a30d0>
botocore.hooks: DEBUG: Event before-call.s3.ListObjects: calling handler <function add_expect_header at 0x10e6a3950>
botocore.hooks: DEBUG: Event before-call.s3.ListObjects: calling handler <bound method S3RegionRedirector.set_request_url of <botocore.utils.S3RegionRedirector object at 0x10f868c18>>
botocore.hooks: DEBUG: Event before-call.s3.ListObjects: calling handler <function inject_api_version_header_if_needed at 0x10e6a4e18>
botocore.endpoint: DEBUG: Making request for OperationModel(name=ListObjects) with params: {'url_path': '/dark-cloud-bucket', 'query_string': {'prefix': '__testing/', 'encoding-type': 'url'}, 'method': 'GET', 'headers': {'User-Agent': 'Boto3/1.9.74 Python/3.6.5 Darwin/18.2.0 Botocore/1.12.77 Resource'}, 'body': b'', 'url': 'https://s3.us-west-2.amazonaws.com/dark-cloud-bucket?prefix=__testing%2F&encoding-type=url', 'context': {'client_region': 'us-west-2', 'client_config': <botocore.config.Config object at 0x10f8688d0>, 'has_streaming_input': False, 'auth_type': None, 'encoding_type_auto_set': True, 'signing': {'bucket': 'dark-cloud-bucket'}}}
botocore.hooks: DEBUG: Event request-created.s3.ListObjects: calling handler <bound method RequestSigner.handler of <botocore.signers.RequestSigner object at 0x10f868828>>
botocore.hooks: DEBUG: Event choose-signer.s3.ListObjects: calling handler <bound method ClientCreator._default_s3_presign_to_sigv2 of <botocore.client.ClientCreator object at 0x10f13f9b0>>
botocore.hooks: DEBUG: Event choose-signer.s3.ListObjects: calling handler <function set_operation_specific_signer at 0x10e69ff28>
botocore.hooks: DEBUG: Event before-sign.s3.ListObjects: calling handler <function fix_s3_host at 0x10e52e400>
botocore.utils: DEBUG: Checking for DNS compatible bucket for: https://s3.us-west-2.amazonaws.com/dark-cloud-bucket?prefix=__testing%2F&encoding-type=url
botocore.utils: DEBUG: URI updated to: https://dark-cloud-bucket.s3.us-west-2.amazonaws.com/?prefix=__testing%2F&encoding-type=url
botocore.auth: DEBUG: Calculating signature using v4 auth.
botocore.auth: DEBUG: CanonicalRequest:
GET
/
encoding-type=url&prefix=__testing%2F
host:dark-cloud-bucket.s3.us-west-2.amazonaws.com
x-amz-content-sha256:e3b0c44298fc1c149afbf4c8996fb92427ae41e4649b934ca495991b7852b855
x-amz-date:20190113T193404Z

host;x-amz-content-sha256;x-amz-date
e3b0c44298fc1c149afbf4c8996fb92427ae41e4649b934ca495991b7852b855
botocore.auth: DEBUG: StringToSign:
AWS4-HMAC-SHA256
20190113T193404Z
20190113/us-west-2/s3/aws4_request
adf7a2af3c9b12e9a750eb37494c7a4bc253d1f034a2f3041ab297f5459fd6f9
botocore.auth: DEBUG: Signature:
954d6620d2c99c9c3c7f9d5d5994d78ad32a25ccbb759c63c2d6abf57c3edd36
botocore.endpoint: DEBUG: Sending http request: <AWSPreparedRequest stream_output=False, method=GET, url=https://dark-cloud-bucket.s3.us-west-2.amazonaws.com/?prefix=__testing%2F&encoding-type=url, headers={'User-Agent': b'Boto3/1.9.74 Python/3.6.5 Darwin/18.2.0 Botocore/1.12.77 Resource', 'X-Amz-Date': b'20190113T193404Z', 'X-Amz-Content-SHA256': b'e3b0c44298fc1c149afbf4c8996fb92427ae41e4649b934ca495991b7852b855', 'Authorization': b'AWS4-HMAC-SHA256 Credential=AKIAJI2YOXUROAPCNJKA/20190113/us-west-2/s3/aws4_request, SignedHeaders=host;x-amz-content-sha256;x-amz-date, Signature=954d6620d2c99c9c3c7f9d5d5994d78ad32a25ccbb759c63c2d6abf57c3edd36'}>
urllib3.util.retry: DEBUG: Converted retries value: False -> Retry(total=False, connect=None, read=None, redirect=0, status=None)
urllib3.connectionpool: DEBUG: Starting new HTTPS connection (1): dark-cloud-bucket.s3.us-west-2.amazonaws.com:443
urllib3.connectionpool: DEBUG: https://dark-cloud-bucket.s3.us-west-2.amazonaws.com:443 "GET /?prefix=__testing%2F&encoding-type=url HTTP/1.1" 200 None
botocore.parsers: DEBUG: Response headers: {'x-amz-id-2': 'PvVlb9TYt6CHXZxqMkbYS4U+Y9UbnMydzawyzyatiNgKc0Yy8eVRCCOCU3XUKs0YXQmn7X+M2Sc=', 'x-amz-request-id': 'F54DA6635ABF8DA4', 'Date': 'Sun, 13 Jan 2019 19:34:38 GMT', 'x-amz-bucket-region': 'us-west-2', 'Content-Type': 'application/xml', 'Transfer-Encoding': 'chunked', 'Server': 'AmazonS3'}
botocore.parsers: DEBUG: Response body:
b'<?xml version="1.0" encoding="UTF-8"?>\n<ListBucketResult xmlns="http://s3.amazonaws.com/doc/2006-03-01/"><Name>dark-cloud-bucket</Name><Prefix>__testing/</Prefix><Marker></Marker><MaxKeys>1000</MaxKeys><EncodingType>url</EncodingType><IsTruncated>false</IsTruncated><Contents><Key>__testing/DwJ6vY_VAAIexyj.jpg</Key><LastModified>2019-01-13T19:34:37.000Z</LastModified><ETag>&quot;74d276a6cb7b0128e9bba98c3d03f2b0&quot;</ETag><Size>109313</Size><Owner><ID>cb320a9b866e872a7d2754c61161c6476642d8a50b4ff27a1879c7212f20febe</ID><DisplayName>countrypeaches</DisplayName></Owner><StorageClass>STANDARD</StorageClass></Contents><Contents><Key>__testing/DwJ6vmKVAAAcjG3.jpg</Key><LastModified>2019-01-13T19:34:38.000Z</LastModified><ETag>&quot;1b11eebd1af677abafcf98684f19ba84&quot;</ETag><Size>99168</Size><Owner><ID>cb320a9b866e872a7d2754c61161c6476642d8a50b4ff27a1879c7212f20febe</ID><DisplayName>countrypeaches</DisplayName></Owner><StorageClass>STANDARD</StorageClass></Contents><Contents><Key>__testing/DwJ6vxHUUAARYrH.jpg</Key><LastModified>2019-01-13T19:34:38.000Z</LastModified><ETag>&quot;38cfe5a19192394a9da6a6211f1e8cc6&quot;</ETag><Size>91042</Size><Owner><ID>cb320a9b866e872a7d2754c61161c6476642d8a50b4ff27a1879c7212f20febe</ID><DisplayName>countrypeaches</DisplayName></Owner><StorageClass>STANDARD</StorageClass></Contents></ListBucketResult>'
botocore.hooks: DEBUG: Event needs-retry.s3.ListObjects: calling handler <botocore.retryhandler.RetryHandler object at 0x10f868b38>
botocore.retryhandler: DEBUG: No retry needed.
botocore.hooks: DEBUG: Event needs-retry.s3.ListObjects: calling handler <bound method S3RegionRedirector.redirect_from_error of <botocore.utils.S3RegionRedirector object at 0x10f868c18>>
botocore.hooks: DEBUG: Event after-call.s3.ListObjects: calling handler <function decode_list_object at 0x10e6a47b8>
botocore.hooks: DEBUG: Event before-parameter-build.s3.DeleteObjects: calling handler <function validate_bucket_name at 0x10e6a3488>
botocore.hooks: DEBUG: Event before-parameter-build.s3.DeleteObjects: calling handler <bound method S3RegionRedirector.redirect_from_cache of <botocore.utils.S3RegionRedirector object at 0x10f868c18>>
botocore.hooks: DEBUG: Event before-parameter-build.s3.DeleteObjects: calling handler <function generate_idempotent_uuid at 0x10e6a30d0>
botocore.hooks: DEBUG: Event before-call.s3.DeleteObjects: calling handler <function calculate_md5 at 0x10e6a3268>
botocore.hooks: DEBUG: Event before-call.s3.DeleteObjects: calling handler <function add_expect_header at 0x10e6a3950>
botocore.hooks: DEBUG: Event before-call.s3.DeleteObjects: calling handler <bound method S3RegionRedirector.set_request_url of <botocore.utils.S3RegionRedirector object at 0x10f868c18>>
botocore.hooks: DEBUG: Event before-call.s3.DeleteObjects: calling handler <function inject_api_version_header_if_needed at 0x10e6a4e18>
botocore.endpoint: DEBUG: Making request for OperationModel(name=DeleteObjects) with params: {'url_path': '/dark-cloud-bucket?delete', 'query_string': {}, 'method': 'POST', 'headers': {'User-Agent': 'Boto3/1.9.74 Python/3.6.5 Darwin/18.2.0 Botocore/1.12.77 Resource', 'Content-MD5': 'SHvQG3iBKOcpKvQx0Suckg=='}, 'body': b'<Delete xmlns="http://s3.amazonaws.com/doc/2006-03-01/"><Object><Key>__testing/DwJ6vY_VAAIexyj.jpg</Key></Object><Object><Key>__testing/DwJ6vmKVAAAcjG3.jpg</Key></Object><Object><Key>__testing/DwJ6vxHUUAARYrH.jpg</Key></Object></Delete>', 'url': 'https://s3.us-west-2.amazonaws.com/dark-cloud-bucket?delete', 'context': {'client_region': 'us-west-2', 'client_config': <botocore.config.Config object at 0x10f8688d0>, 'has_streaming_input': False, 'auth_type': None, 'signing': {'bucket': 'dark-cloud-bucket'}}}
botocore.hooks: DEBUG: Event request-created.s3.DeleteObjects: calling handler <bound method RequestSigner.handler of <botocore.signers.RequestSigner object at 0x10f868828>>
botocore.hooks: DEBUG: Event choose-signer.s3.DeleteObjects: calling handler <bound method ClientCreator._default_s3_presign_to_sigv2 of <botocore.client.ClientCreator object at 0x10f13f9b0>>
botocore.hooks: DEBUG: Event choose-signer.s3.DeleteObjects: calling handler <function set_operation_specific_signer at 0x10e69ff28>
botocore.hooks: DEBUG: Event before-sign.s3.DeleteObjects: calling handler <function fix_s3_host at 0x10e52e400>
botocore.utils: DEBUG: Checking for DNS compatible bucket for: https://s3.us-west-2.amazonaws.com/dark-cloud-bucket?delete
botocore.utils: DEBUG: URI updated to: https://dark-cloud-bucket.s3.us-west-2.amazonaws.com/?delete
botocore.auth: DEBUG: Calculating signature using v4 auth.
botocore.auth: DEBUG: CanonicalRequest:
POST
/
delete=
content-md5:SHvQG3iBKOcpKvQx0Suckg==
host:dark-cloud-bucket.s3.us-west-2.amazonaws.com
x-amz-content-sha256:fbaab411e6ca9ea8fafecd5c2443ee59378d5075c5db630e934c99e304200b0f
x-amz-date:20190113T193404Z

content-md5;host;x-amz-content-sha256;x-amz-date
fbaab411e6ca9ea8fafecd5c2443ee59378d5075c5db630e934c99e304200b0f
botocore.auth: DEBUG: StringToSign:
AWS4-HMAC-SHA256
20190113T193404Z
20190113/us-west-2/s3/aws4_request
62c2c2b52b5191302675d8f1faf65457ba3e28fd14e591cb314a31ac5a56b030
botocore.auth: DEBUG: Signature:
0b9b01c7e4b0685624a528418cbe64f54b60b95c00a4543d188b765da0936cad
botocore.endpoint: DEBUG: Sending http request: <AWSPreparedRequest stream_output=False, method=POST, url=https://dark-cloud-bucket.s3.us-west-2.amazonaws.com/?delete, headers={'User-Agent': b'Boto3/1.9.74 Python/3.6.5 Darwin/18.2.0 Botocore/1.12.77 Resource', 'Content-MD5': b'SHvQG3iBKOcpKvQx0Suckg==', 'X-Amz-Date': b'20190113T193404Z', 'X-Amz-Content-SHA256': b'fbaab411e6ca9ea8fafecd5c2443ee59378d5075c5db630e934c99e304200b0f', 'Authorization': b'AWS4-HMAC-SHA256 Credential=AKIAJI2YOXUROAPCNJKA/20190113/us-west-2/s3/aws4_request, SignedHeaders=content-md5;host;x-amz-content-sha256;x-amz-date, Signature=0b9b01c7e4b0685624a528418cbe64f54b60b95c00a4543d188b765da0936cad', 'Content-Length': '236'}>
urllib3.util.retry: DEBUG: Converted retries value: False -> Retry(total=False, connect=None, read=None, redirect=0, status=None)
urllib3.connectionpool: DEBUG: https://dark-cloud-bucket.s3.us-west-2.amazonaws.com:443 "POST /?delete HTTP/1.1" 200 None
botocore.parsers: DEBUG: Response headers: {'x-amz-id-2': 'yWQtOqEe9g69m9MTo0Pepf7OcsfD6yMa0cH34tvZjWRVLmeVDcgVOTWTNHDxUrA/O0UjcHq1mE4=', 'x-amz-request-id': '2693C4730D1C8564', 'Date': 'Sun, 13 Jan 2019 19:34:38 GMT', 'Connection': 'close', 'Content-Type': 'application/xml', 'Transfer-Encoding': 'chunked', 'Server': 'AmazonS3'}
botocore.parsers: DEBUG: Response body:
b'<?xml version="1.0" encoding="UTF-8"?>\n<DeleteResult xmlns="http://s3.amazonaws.com/doc/2006-03-01/"><Deleted><Key>__testing/DwJ6vmKVAAAcjG3.jpg</Key></Deleted><Deleted><Key>__testing/DwJ6vxHUUAARYrH.jpg</Key></Deleted><Deleted><Key>__testing/DwJ6vY_VAAIexyj.jpg</Key></Deleted></DeleteResult>'
botocore.hooks: DEBUG: Event needs-retry.s3.DeleteObjects: calling handler <botocore.retryhandler.RetryHandler object at 0x10f868b38>
botocore.retryhandler: DEBUG: No retry needed.
botocore.hooks: DEBUG: Event needs-retry.s3.DeleteObjects: calling handler <bound method S3RegionRedirector.redirect_from_error of <botocore.utils.S3RegionRedirector object at 0x10f868c18>>
--------------------- >> end captured logging << ---------------------]]></error><system-out><![CDATA[cloud_images
downloading: http://pbs.twimg.com/media/DwJ6vY_VAAIexyj.jpg
{'ResponseMetadata': {'RequestId': '42d6669e-176a-11e9-8d9f-633ab33b8bc4', 'HTTPStatusCode': 202, 'HTTPHeaders': {'date': 'Sun, 13 Jan 2019 19:34:36 GMT', 'content-length': '0', 'connection': 'keep-alive', 'x-amzn-requestid': '42d6669e-176a-11e9-8d9f-633ab33b8bc4', 'x-amzn-remapped-content-length': '0', 'x-amzn-trace-id': 'root=1-5c3b92cc-39cfce3280c0a644c1665d6e;sampled=0'}, 'RetryAttempts': 0}, 'StatusCode': 202, 'Payload': <botocore.response.StreamingBody object at 0x10f3f22e8>}
downloading: http://pbs.twimg.com/media/DwJ6vmKVAAAcjG3.jpg
{'ResponseMetadata': {'RequestId': '42ed9748-176a-11e9-b02a-85afa13b33a3', 'HTTPStatusCode': 202, 'HTTPHeaders': {'date': 'Sun, 13 Jan 2019 19:34:36 GMT', 'content-length': '0', 'connection': 'keep-alive', 'x-amzn-requestid': '42ed9748-176a-11e9-b02a-85afa13b33a3', 'x-amzn-remapped-content-length': '0', 'x-amzn-trace-id': 'root=1-5c3b92cc-a28e9a0e436811ea91384382;sampled=0'}, 'RetryAttempts': 0}, 'StatusCode': 202, 'Payload': <botocore.response.StreamingBody object at 0x10f3f23c8>}
downloading: http://pbs.twimg.com/media/DwJ6vxHUUAARYrH.jpg
{'ResponseMetadata': {'RequestId': '4306eb96-176a-11e9-b1d5-cf955c4a3ccb', 'HTTPStatusCode': 202, 'HTTPHeaders': {'date': 'Sun, 13 Jan 2019 19:34:37 GMT', 'content-length': '0', 'connection': 'keep-alive', 'x-amzn-requestid': '4306eb96-176a-11e9-b1d5-cf955c4a3ccb', 'x-amzn-remapped-content-length': '0', 'x-amzn-trace-id': 'root=1-5c3b92cd-b00e1b8099be1e00a8d37480;sampled=0'}, 'RetryAttempts': 0}, 'StatusCode': 202, 'Payload': <botocore.response.StreamingBody object at 0x10f3f2470>}
]]></system-out></testcase></testsuite>