<?xml version="1.0" encoding="UTF-8"?><testsuite name="nosetests" tests="1" errors="0" failures="0" skip="0"><testcase classname="test_integration.test_integration_handler" name="test_only_correct_num_of_images_get_downloaded" time="70.656"><system-out><![CDATA[cloud_images
downloading: http://pbs.twimg.com/media/DwJ6vY_VAAIexyj.jpg
{'ResponseMetadata': {'RequestId': '142d6b9d-16c5-11e9-ac6c-cb546e7ce290', 'HTTPStatusCode': 202, 'HTTPHeaders': {'date': 'Sat, 12 Jan 2019 23:52:11 GMT', 'content-length': '0', 'connection': 'keep-alive', 'x-amzn-requestid': '142d6b9d-16c5-11e9-ac6c-cb546e7ce290', 'x-amzn-remapped-content-length': '0', 'x-amzn-trace-id': 'root=1-5c3a7dab-2c4b9b7f77cd047789536d8a;sampled=0'}, 'RetryAttempts': 0}, 'StatusCode': 202, 'Payload': <botocore.response.StreamingBody object at 0x10f5677f0>}
downloading: http://pbs.twimg.com/media/DwJ6vmKVAAAcjG3.jpg
{'ResponseMetadata': {'RequestId': '146dd000-16c5-11e9-a6e2-2bfd4f8089e5', 'HTTPStatusCode': 202, 'HTTPHeaders': {'date': 'Sat, 12 Jan 2019 23:52:11 GMT', 'content-length': '0', 'connection': 'keep-alive', 'x-amzn-requestid': '146dd000-16c5-11e9-a6e2-2bfd4f8089e5', 'x-amzn-remapped-content-length': '0', 'x-amzn-trace-id': 'root=1-5c3a7dab-d70da61e3a972f90b70f32e6;sampled=0'}, 'RetryAttempts': 0}, 'StatusCode': 202, 'Payload': <botocore.response.StreamingBody object at 0x10f5672b0>}
downloading: http://pbs.twimg.com/media/DwJ6vxHUUAARYrH.jpg
{'ResponseMetadata': {'RequestId': '147e4af6-16c5-11e9-b3af-c57b739e22ab', 'HTTPStatusCode': 202, 'HTTPHeaders': {'date': 'Sat, 12 Jan 2019 23:52:12 GMT', 'content-length': '0', 'connection': 'keep-alive', 'x-amzn-requestid': '147e4af6-16c5-11e9-b3af-c57b739e22ab', 'x-amzn-remapped-content-length': '0', 'x-amzn-trace-id': 'root=1-5c3a7dab-5f4f8e11043e7612bf904567;sampled=0'}, 'RetryAttempts': 0}, 'StatusCode': 202, 'Payload': <botocore.response.StreamingBody object at 0x10f5677f0>}
]]></system-out></testcase></testsuite>